[0.013s] Invoking command in '/home/yousif/mobile_robot_ros2/build/mobile_robot_description': CMAKE_PREFIX_PATH=${CMAKE_PREFIX_PATH}:/home/yousif/example_ros2/install/my_py_pkg:/home/yousif/ros2_ws_test/install/my_robot_controller:/opt/ros/humble /usr/bin/cmake /home/yousif/mobile_robot_ros2/src/mobile_robot_description -DAMENT_CMAKE_SYMLINK_INSTALL=1 -DCMAKE_INSTALL_PREFIX=/home/yousif/mobile_robot_ros2/install/mobile_robot_description
[0.027s] -- Found ament_cmake: 1.3.10 (/opt/ros/humble/share/ament_cmake/cmake)
[0.154s] -- Override CMake install command with custom implementation using symlinks instead of copying resources
[0.302s] -- Configuring done
[0.305s] -- Generating done
[0.307s] -- Build files have been written to: /home/yousif/mobile_robot_ros2/build/mobile_robot_description
[0.310s] Invoked command in '/home/yousif/mobile_robot_ros2/build/mobile_robot_description' returned '0': CMAKE_PREFIX_PATH=${CMAKE_PREFIX_PATH}:/home/yousif/example_ros2/install/my_py_pkg:/home/yousif/ros2_ws_test/install/my_robot_controller:/opt/ros/humble /usr/bin/cmake /home/yousif/mobile_robot_ros2/src/mobile_robot_description -DAMENT_CMAKE_SYMLINK_INSTALL=1 -DCMAKE_INSTALL_PREFIX=/home/yousif/mobile_robot_ros2/install/mobile_robot_description
[0.312s] Invoking command in '/home/yousif/mobile_robot_ros2/build/mobile_robot_description': CMAKE_PREFIX_PATH=${CMAKE_PREFIX_PATH}:/home/yousif/example_ros2/install/my_py_pkg:/home/yousif/ros2_ws_test/install/my_robot_controller:/opt/ros/humble /usr/bin/cmake --build /home/yousif/mobile_robot_ros2/build/mobile_robot_description -- -j8 -l8
[0.355s] Invoked command in '/home/yousif/mobile_robot_ros2/build/mobile_robot_description' returned '0': CMAKE_PREFIX_PATH=${CMAKE_PREFIX_PATH}:/home/yousif/example_ros2/install/my_py_pkg:/home/yousif/ros2_ws_test/install/my_robot_controller:/opt/ros/humble /usr/bin/cmake --build /home/yousif/mobile_robot_ros2/build/mobile_robot_description -- -j8 -l8
[0.393s] Invoking command in '/home/yousif/mobile_robot_ros2/build/mobile_robot_description': CMAKE_PREFIX_PATH=${CMAKE_PREFIX_PATH}:/home/yousif/example_ros2/install/my_py_pkg:/home/yousif/ros2_ws_test/install/my_robot_controller:/opt/ros/humble /usr/bin/cmake --install /home/yousif/mobile_robot_ros2/build/mobile_robot_description
[0.402s] -- Install configuration: ""
[0.402s] -- Execute custom install script
[0.402s] -- Symlinking: /home/yousif/mobile_robot_ros2/install/mobile_robot_description/share/mobile_robot_description//urdf/mobile_robot.urdf.xacro
[0.413s] -- Symlinking: /home/yousif/mobile_robot_ros2/install/mobile_robot_description/share/mobile_robot_description//launch/display.launch.py
[0.424s] -- Symlinking: /home/yousif/mobile_robot_ros2/install/mobile_robot_description/share/mobile_robot_description//launch/display.launch.xml
[0.434s] -- Symlinking: /home/yousif/mobile_robot_ros2/install/mobile_robot_description/share/mobile_robot_description//rviz/urdf.config.rviz
[0.445s] -- Symlinking: /home/yousif/mobile_robot_ros2/install/mobile_robot_description/share/ament_index/resource_index/package_run_dependencies/mobile_robot_description
[0.455s] -- Symlinking: /home/yousif/mobile_robot_ros2/install/mobile_robot_description/share/ament_index/resource_index/parent_prefix_path/mobile_robot_description
[0.465s] -- Symlinking: /home/yousif/mobile_robot_ros2/install/mobile_robot_description/share/mobile_robot_description/environment/ament_prefix_path.sh
[0.476s] -- Symlinking: /home/yousif/mobile_robot_ros2/install/mobile_robot_description/share/mobile_robot_description/environment/ament_prefix_path.dsv
[0.487s] -- Symlinking: /home/yousif/mobile_robot_ros2/install/mobile_robot_description/share/mobile_robot_description/environment/path.sh
[0.497s] -- Symlinking: /home/yousif/mobile_robot_ros2/install/mobile_robot_description/share/mobile_robot_description/environment/path.dsv
[0.508s] -- Symlinking: /home/yousif/mobile_robot_ros2/install/mobile_robot_description/share/mobile_robot_description/local_setup.bash
[0.519s] -- Symlinking: /home/yousif/mobile_robot_ros2/install/mobile_robot_description/share/mobile_robot_description/local_setup.sh
[0.530s] -- Symlinking: /home/yousif/mobile_robot_ros2/install/mobile_robot_description/share/mobile_robot_description/local_setup.zsh
[0.541s] -- Symlinking: /home/yousif/mobile_robot_ros2/install/mobile_robot_description/share/mobile_robot_description/local_setup.dsv
[0.551s] -- Symlinking: /home/yousif/mobile_robot_ros2/install/mobile_robot_description/share/mobile_robot_description/package.dsv
[0.562s] -- Symlinking: /home/yousif/mobile_robot_ros2/install/mobile_robot_description/share/ament_index/resource_index/packages/mobile_robot_description
[0.573s] -- Symlinking: /home/yousif/mobile_robot_ros2/install/mobile_robot_description/share/mobile_robot_description/cmake/mobile_robot_descriptionConfig.cmake
[0.583s] -- Symlinking: /home/yousif/mobile_robot_ros2/install/mobile_robot_description/share/mobile_robot_description/cmake/mobile_robot_descriptionConfig-version.cmake
[0.593s] -- Symlinking: /home/yousif/mobile_robot_ros2/install/mobile_robot_description/share/mobile_robot_description/package.xml
[0.606s] Invoked command in '/home/yousif/mobile_robot_ros2/build/mobile_robot_description' returned '0': CMAKE_PREFIX_PATH=${CMAKE_PREFIX_PATH}:/home/yousif/example_ros2/install/my_py_pkg:/home/yousif/ros2_ws_test/install/my_robot_controller:/opt/ros/humble /usr/bin/cmake --install /home/yousif/mobile_robot_ros2/build/mobile_robot_description
