[0.010s] Invoking command in '/home/yousif/mobile_robot_ros2/build/mobile_robot_bringup': CMAKE_PREFIX_PATH=/home/yousif/mobile_robot_ros2/install/mobile_robot_description:/home/yousif/mobile_robot_ros2/install/mobile_robot_bringup:/home/yousif/example_ros2/install/my_robot_bringup:/home/yousif/example_ros2/install/my_robot_interfaces:/home/yousif/example_ros2/install/my_py_pkg:/home/yousif/ros2_ws_test/install/my_robot_controller:/opt/ros/humble /usr/bin/cmake /home/yousif/mobile_robot_ros2/src/mobile_robot_bringup -DAMENT_CMAKE_SYMLINK_INSTALL=1 -DCMAKE_INSTALL_PREFIX=/home/yousif/mobile_robot_ros2/install/mobile_robot_bringup
[0.024s] -- Found ament_cmake: 1.3.10 (/opt/ros/humble/share/ament_cmake/cmake)
[0.152s] -- Override CMake install command with custom implementation using symlinks instead of copying resources
[0.225s] -- Configuring done
[0.228s] -- Generating done
[0.228s] -- Build files have been written to: /home/yousif/mobile_robot_ros2/build/mobile_robot_bringup
[0.232s] Invoked command in '/home/yousif/mobile_robot_ros2/build/mobile_robot_bringup' returned '0': CMAKE_PREFIX_PATH=/home/yousif/mobile_robot_ros2/install/mobile_robot_description:/home/yousif/mobile_robot_ros2/install/mobile_robot_bringup:/home/yousif/example_ros2/install/my_robot_bringup:/home/yousif/example_ros2/install/my_robot_interfaces:/home/yousif/example_ros2/install/my_py_pkg:/home/yousif/ros2_ws_test/install/my_robot_controller:/opt/ros/humble /usr/bin/cmake /home/yousif/mobile_robot_ros2/src/mobile_robot_bringup -DAMENT_CMAKE_SYMLINK_INSTALL=1 -DCMAKE_INSTALL_PREFIX=/home/yousif/mobile_robot_ros2/install/mobile_robot_bringup
[0.233s] Invoking command in '/home/yousif/mobile_robot_ros2/build/mobile_robot_bringup': CMAKE_PREFIX_PATH=/home/yousif/mobile_robot_ros2/install/mobile_robot_description:/home/yousif/mobile_robot_ros2/install/mobile_robot_bringup:/home/yousif/example_ros2/install/my_robot_bringup:/home/yousif/example_ros2/install/my_robot_interfaces:/home/yousif/example_ros2/install/my_py_pkg:/home/yousif/ros2_ws_test/install/my_robot_controller:/opt/ros/humble /usr/bin/cmake --build /home/yousif/mobile_robot_ros2/build/mobile_robot_bringup -- -j8 -l8
[0.275s] Invoked command in '/home/yousif/mobile_robot_ros2/build/mobile_robot_bringup' returned '0': CMAKE_PREFIX_PATH=/home/yousif/mobile_robot_ros2/install/mobile_robot_description:/home/yousif/mobile_robot_ros2/install/mobile_robot_bringup:/home/yousif/example_ros2/install/my_robot_bringup:/home/yousif/example_ros2/install/my_robot_interfaces:/home/yousif/example_ros2/install/my_py_pkg:/home/yousif/ros2_ws_test/install/my_robot_controller:/opt/ros/humble /usr/bin/cmake --build /home/yousif/mobile_robot_ros2/build/mobile_robot_bringup -- -j8 -l8
[0.301s] Invoking command in '/home/yousif/mobile_robot_ros2/build/mobile_robot_bringup': CMAKE_PREFIX_PATH=/home/yousif/mobile_robot_ros2/install/mobile_robot_description:/home/yousif/mobile_robot_ros2/install/mobile_robot_bringup:/home/yousif/example_ros2/install/my_robot_bringup:/home/yousif/example_ros2/install/my_robot_interfaces:/home/yousif/example_ros2/install/my_py_pkg:/home/yousif/ros2_ws_test/install/my_robot_controller:/opt/ros/humble /usr/bin/cmake --install /home/yousif/mobile_robot_ros2/build/mobile_robot_bringup
[0.309s] -- Install configuration: ""
[0.310s] -- Execute custom install script
[0.310s] -- Symlinking: /home/yousif/mobile_robot_ros2/install/mobile_robot_bringup/share/mobile_robot_bringup//launch/mobile_robot_gazebo.launch.xml
[0.321s] -- Symlinking: /home/yousif/mobile_robot_ros2/install/mobile_robot_bringup/share/ament_index/resource_index/package_run_dependencies/mobile_robot_bringup
[0.331s] -- Symlinking: /home/yousif/mobile_robot_ros2/install/mobile_robot_bringup/share/ament_index/resource_index/parent_prefix_path/mobile_robot_bringup
[0.341s] -- Symlinking: /home/yousif/mobile_robot_ros2/install/mobile_robot_bringup/share/mobile_robot_bringup/environment/ament_prefix_path.sh
[0.352s] -- Symlinking: /home/yousif/mobile_robot_ros2/install/mobile_robot_bringup/share/mobile_robot_bringup/environment/ament_prefix_path.dsv
[0.363s] -- Symlinking: /home/yousif/mobile_robot_ros2/install/mobile_robot_bringup/share/mobile_robot_bringup/environment/path.sh
[0.373s] -- Symlinking: /home/yousif/mobile_robot_ros2/install/mobile_robot_bringup/share/mobile_robot_bringup/environment/path.dsv
[0.384s] -- Symlinking: /home/yousif/mobile_robot_ros2/install/mobile_robot_bringup/share/mobile_robot_bringup/local_setup.bash
[0.394s] -- Symlinking: /home/yousif/mobile_robot_ros2/install/mobile_robot_bringup/share/mobile_robot_bringup/local_setup.sh
[0.405s] -- Symlinking: /home/yousif/mobile_robot_ros2/install/mobile_robot_bringup/share/mobile_robot_bringup/local_setup.zsh
[0.415s] -- Symlinking: /home/yousif/mobile_robot_ros2/install/mobile_robot_bringup/share/mobile_robot_bringup/local_setup.dsv
[0.425s] -- Symlinking: /home/yousif/mobile_robot_ros2/install/mobile_robot_bringup/share/mobile_robot_bringup/package.dsv
[0.435s] -- Symlinking: /home/yousif/mobile_robot_ros2/install/mobile_robot_bringup/share/ament_index/resource_index/packages/mobile_robot_bringup
[0.445s] -- Symlinking: /home/yousif/mobile_robot_ros2/install/mobile_robot_bringup/share/mobile_robot_bringup/cmake/mobile_robot_bringupConfig.cmake
[0.456s] -- Symlinking: /home/yousif/mobile_robot_ros2/install/mobile_robot_bringup/share/mobile_robot_bringup/cmake/mobile_robot_bringupConfig-version.cmake
[0.466s] -- Symlinking: /home/yousif/mobile_robot_ros2/install/mobile_robot_bringup/share/mobile_robot_bringup/package.xml
[0.479s] Invoked command in '/home/yousif/mobile_robot_ros2/build/mobile_robot_bringup' returned '0': CMAKE_PREFIX_PATH=/home/yousif/mobile_robot_ros2/install/mobile_robot_description:/home/yousif/mobile_robot_ros2/install/mobile_robot_bringup:/home/yousif/example_ros2/install/my_robot_bringup:/home/yousif/example_ros2/install/my_robot_interfaces:/home/yousif/example_ros2/install/my_py_pkg:/home/yousif/ros2_ws_test/install/my_robot_controller:/opt/ros/humble /usr/bin/cmake --install /home/yousif/mobile_robot_ros2/build/mobile_robot_bringup
