[0.013s] Invoking command in '/home/yousif/mobile_robot_ros2/build/mobile_robot_description': CMAKE_PREFIX_PATH=${CMAKE_PREFIX_PATH}:/home/yousif/example_ros2/install/my_py_pkg:/home/yousif/ros2_ws_test/install/my_robot_controller:/opt/ros/humble /usr/bin/cmake /home/yousif/mobile_robot_ros2/src/mobile_robot_description -DCMAKE_INSTALL_PREFIX=/home/yousif/mobile_robot_ros2/install/mobile_robot_description
[0.228s] -- Found ament_cmake: 1.3.10 (/opt/ros/humble/share/ament_cmake/cmake)
[0.544s] -- Override CMake install command with custom implementation using symlinks instead of copying resources
[0.755s] -- Configuring done
[0.822s] -- Generating done
[0.827s] -- Build files have been written to: /home/yousif/mobile_robot_ros2/build/mobile_robot_description
[0.836s] Invoked command in '/home/yousif/mobile_robot_ros2/build/mobile_robot_description' returned '0': CMAKE_PREFIX_PATH=${CMAKE_PREFIX_PATH}:/home/yousif/example_ros2/install/my_py_pkg:/home/yousif/ros2_ws_test/install/my_robot_controller:/opt/ros/humble /usr/bin/cmake /home/yousif/mobile_robot_ros2/src/mobile_robot_description -DCMAKE_INSTALL_PREFIX=/home/yousif/mobile_robot_ros2/install/mobile_robot_description
[0.841s] Invoking command in '/home/yousif/mobile_robot_ros2/build/mobile_robot_description': CMAKE_PREFIX_PATH=${CMAKE_PREFIX_PATH}:/home/yousif/example_ros2/install/my_py_pkg:/home/yousif/ros2_ws_test/install/my_robot_controller:/opt/ros/humble /usr/bin/cmake --build /home/yousif/mobile_robot_ros2/build/mobile_robot_description -- -j8 -l8
[0.923s] Invoked command in '/home/yousif/mobile_robot_ros2/build/mobile_robot_description' returned '0': CMAKE_PREFIX_PATH=${CMAKE_PREFIX_PATH}:/home/yousif/example_ros2/install/my_py_pkg:/home/yousif/ros2_ws_test/install/my_robot_controller:/opt/ros/humble /usr/bin/cmake --build /home/yousif/mobile_robot_ros2/build/mobile_robot_description -- -j8 -l8
[0.965s] Invoking command in '/home/yousif/mobile_robot_ros2/build/mobile_robot_description': CMAKE_PREFIX_PATH=${CMAKE_PREFIX_PATH}:/home/yousif/example_ros2/install/my_py_pkg:/home/yousif/ros2_ws_test/install/my_robot_controller:/opt/ros/humble /usr/bin/cmake --install /home/yousif/mobile_robot_ros2/build/mobile_robot_description
[0.974s] -- Install configuration: ""
[0.975s] -- Execute custom install script
[0.975s] -- Up-to-date symlink: /home/yousif/mobile_robot_ros2/install/mobile_robot_description/share/mobile_robot_description//urdf/base.urdf.xacro
[0.976s] -- Up-to-date symlink: /home/yousif/mobile_robot_ros2/install/mobile_robot_description/share/mobile_robot_description//urdf/base_gazebo.xacro
[0.976s] -- Up-to-date symlink: /home/yousif/mobile_robot_ros2/install/mobile_robot_description/share/mobile_robot_description//urdf/camera.xacro
[0.976s] -- Up-to-date symlink: /home/yousif/mobile_robot_ros2/install/mobile_robot_description/share/mobile_robot_description//urdf/common_properties.urdf.xacro
[0.976s] -- Up-to-date symlink: /home/yousif/mobile_robot_ros2/install/mobile_robot_description/share/mobile_robot_description//urdf/mobile_robot.urdf.xacro
[0.977s] -- Up-to-date symlink: /home/yousif/mobile_robot_ros2/install/mobile_robot_description/share/mobile_robot_description//launch/display.launch.py
[0.977s] -- Up-to-date symlink: /home/yousif/mobile_robot_ros2/install/mobile_robot_description/share/mobile_robot_description//launch/display.launch.xml
[0.977s] -- Up-to-date symlink: /home/yousif/mobile_robot_ros2/install/mobile_robot_description/share/mobile_robot_description//rviz/urdf.config.rviz
[0.977s] -- Up-to-date symlink: /home/yousif/mobile_robot_ros2/install/mobile_robot_description/share/ament_index/resource_index/package_run_dependencies/mobile_robot_description
[0.977s] -- Up-to-date symlink: /home/yousif/mobile_robot_ros2/install/mobile_robot_description/share/ament_index/resource_index/parent_prefix_path/mobile_robot_description
[0.977s] -- Up-to-date symlink: /home/yousif/mobile_robot_ros2/install/mobile_robot_description/share/mobile_robot_description/environment/ament_prefix_path.sh
[0.977s] -- Up-to-date symlink: /home/yousif/mobile_robot_ros2/install/mobile_robot_description/share/mobile_robot_description/environment/ament_prefix_path.dsv
[0.978s] -- Up-to-date symlink: /home/yousif/mobile_robot_ros2/install/mobile_robot_description/share/mobile_robot_description/environment/path.sh
[0.978s] -- Up-to-date symlink: /home/yousif/mobile_robot_ros2/install/mobile_robot_description/share/mobile_robot_description/environment/path.dsv
[0.978s] -- Up-to-date symlink: /home/yousif/mobile_robot_ros2/install/mobile_robot_description/share/mobile_robot_description/local_setup.bash
[0.978s] -- Up-to-date symlink: /home/yousif/mobile_robot_ros2/install/mobile_robot_description/share/mobile_robot_description/local_setup.sh
[0.979s] -- Up-to-date symlink: /home/yousif/mobile_robot_ros2/install/mobile_robot_description/share/mobile_robot_description/local_setup.zsh
[0.979s] -- Up-to-date symlink: /home/yousif/mobile_robot_ros2/install/mobile_robot_description/share/mobile_robot_description/local_setup.dsv
[0.979s] -- Symlinking: /home/yousif/mobile_robot_ros2/install/mobile_robot_description/share/mobile_robot_description/package.dsv
[0.991s] -- Up-to-date symlink: /home/yousif/mobile_robot_ros2/install/mobile_robot_description/share/ament_index/resource_index/packages/mobile_robot_description
[0.991s] -- Up-to-date symlink: /home/yousif/mobile_robot_ros2/install/mobile_robot_description/share/mobile_robot_description/cmake/mobile_robot_descriptionConfig.cmake
[0.991s] -- Up-to-date symlink: /home/yousif/mobile_robot_ros2/install/mobile_robot_description/share/mobile_robot_description/cmake/mobile_robot_descriptionConfig-version.cmake
[0.991s] -- Up-to-date symlink: /home/yousif/mobile_robot_ros2/install/mobile_robot_description/share/mobile_robot_description/package.xml
[0.994s] Invoked command in '/home/yousif/mobile_robot_ros2/build/mobile_robot_description' returned '0': CMAKE_PREFIX_PATH=${CMAKE_PREFIX_PATH}:/home/yousif/example_ros2/install/my_py_pkg:/home/yousif/ros2_ws_test/install/my_robot_controller:/opt/ros/humble /usr/bin/cmake --install /home/yousif/mobile_robot_ros2/build/mobile_robot_description
