[0.120s] DEBUG:colcon:Command line arguments: ['/usr/bin/colcon', 'build', '--symlink-install']
[0.120s] DEBUG:colcon:Parsed command line arguments: Namespace(log_base=None, log_level=None, verb_name='build', build_base='build', install_base='install', merge_install=False, symlink_install=True, test_result_base=None, continue_on_error=False, executor='parallel', parallel_workers=8, event_handlers=None, ignore_user_meta=False, metas=['./colcon.meta'], base_paths=['.'], packages_ignore=None, packages_ignore_regex=None, paths=None, packages_up_to=None, packages_up_to_regex=None, packages_above=None, packages_above_and_dependencies=None, packages_above_depth=None, packages_select_by_dep=None, packages_skip_by_dep=None, packages_skip_up_to=None, packages_select_build_failed=False, packages_skip_build_finished=False, packages_select_test_failures=False, packages_skip_test_passed=False, packages_select=None, packages_skip=None, packages_select_regex=None, packages_skip_regex=None, packages_start=None, packages_end=None, allow_overriding=[], cmake_args=None, cmake_target=None, cmake_target_skip_unavailable=False, cmake_clean_cache=False, cmake_clean_first=False, cmake_force_configure=False, ament_cmake_args=None, catkin_cmake_args=None, catkin_skip_building_tests=False, verb_parser=<colcon_defaults.argument_parser.defaults.DefaultArgumentsDecorator object at 0x7db992c2d360>, verb_extension=<colcon_core.verb.build.BuildVerb object at 0x7db992ecd510>, main=<bound method BuildVerb.main of <colcon_core.verb.build.BuildVerb object at 0x7db992ecd510>>)
[0.302s] Level 1:colcon.colcon_core.package_discovery:discover_packages(colcon_meta) check parameters
[0.302s] Level 1:colcon.colcon_core.package_discovery:discover_packages(recursive) check parameters
[0.302s] Level 1:colcon.colcon_core.package_discovery:discover_packages(ignore) check parameters
[0.302s] Level 1:colcon.colcon_core.package_discovery:discover_packages(path) check parameters
[0.303s] Level 1:colcon.colcon_core.package_discovery:discover_packages(colcon_meta) discover
[0.303s] Level 1:colcon.colcon_core.package_discovery:discover_packages(recursive) discover
[0.303s] INFO:colcon.colcon_core.package_discovery:Crawling recursively for packages in '/home/yousif/mobile_robot_ros2'
[0.303s] Level 1:colcon.colcon_core.package_identification:_identify(.) by extensions ['ignore', 'ignore_ament_install']
[0.303s] Level 1:colcon.colcon_core.package_identification:_identify(.) by extension 'ignore'
[0.303s] Level 1:colcon.colcon_core.package_identification:_identify(.) by extension 'ignore_ament_install'
[0.303s] Level 1:colcon.colcon_core.package_identification:_identify(.) by extensions ['colcon_pkg']
[0.303s] Level 1:colcon.colcon_core.package_identification:_identify(.) by extension 'colcon_pkg'
[0.303s] Level 1:colcon.colcon_core.package_identification:_identify(.) by extensions ['colcon_meta']
[0.303s] Level 1:colcon.colcon_core.package_identification:_identify(.) by extension 'colcon_meta'
[0.303s] Level 1:colcon.colcon_core.package_identification:_identify(.) by extensions ['ros']
[0.303s] Level 1:colcon.colcon_core.package_identification:_identify(.) by extension 'ros'
[0.314s] Level 1:colcon.colcon_core.package_identification:_identify(.) by extensions ['cmake', 'python']
[0.314s] Level 1:colcon.colcon_core.package_identification:_identify(.) by extension 'cmake'
[0.314s] Level 1:colcon.colcon_core.package_identification:_identify(.) by extension 'python'
[0.314s] Level 1:colcon.colcon_core.package_identification:_identify(.) by extensions ['python_setup_py']
[0.314s] Level 1:colcon.colcon_core.package_identification:_identify(.) by extension 'python_setup_py'
[0.314s] Level 1:colcon.colcon_core.package_identification:_identify(build) by extensions ['ignore', 'ignore_ament_install']
[0.314s] Level 1:colcon.colcon_core.package_identification:_identify(build) by extension 'ignore'
[0.315s] Level 1:colcon.colcon_core.package_identification:_identify(build) ignored
[0.315s] Level 1:colcon.colcon_core.package_identification:_identify(install) by extensions ['ignore', 'ignore_ament_install']
[0.315s] Level 1:colcon.colcon_core.package_identification:_identify(install) by extension 'ignore'
[0.315s] Level 1:colcon.colcon_core.package_identification:_identify(install) ignored
[0.315s] Level 1:colcon.colcon_core.package_identification:_identify(log) by extensions ['ignore', 'ignore_ament_install']
[0.315s] Level 1:colcon.colcon_core.package_identification:_identify(log) by extension 'ignore'
[0.315s] Level 1:colcon.colcon_core.package_identification:_identify(log) ignored
[0.315s] Level 1:colcon.colcon_core.package_identification:_identify(src) by extensions ['ignore', 'ignore_ament_install']
[0.315s] Level 1:colcon.colcon_core.package_identification:_identify(src) by extension 'ignore'
[0.315s] Level 1:colcon.colcon_core.package_identification:_identify(src) by extension 'ignore_ament_install'
[0.315s] Level 1:colcon.colcon_core.package_identification:_identify(src) by extensions ['colcon_pkg']
[0.315s] Level 1:colcon.colcon_core.package_identification:_identify(src) by extension 'colcon_pkg'
[0.315s] Level 1:colcon.colcon_core.package_identification:_identify(src) by extensions ['colcon_meta']
[0.315s] Level 1:colcon.colcon_core.package_identification:_identify(src) by extension 'colcon_meta'
[0.315s] Level 1:colcon.colcon_core.package_identification:_identify(src) by extensions ['ros']
[0.315s] Level 1:colcon.colcon_core.package_identification:_identify(src) by extension 'ros'
[0.316s] Level 1:colcon.colcon_core.package_identification:_identify(src) by extensions ['cmake', 'python']
[0.316s] Level 1:colcon.colcon_core.package_identification:_identify(src) by extension 'cmake'
[0.316s] Level 1:colcon.colcon_core.package_identification:_identify(src) by extension 'python'
[0.316s] Level 1:colcon.colcon_core.package_identification:_identify(src) by extensions ['python_setup_py']
[0.316s] Level 1:colcon.colcon_core.package_identification:_identify(src) by extension 'python_setup_py'
[0.316s] Level 1:colcon.colcon_core.package_identification:_identify(src/mobile_robot_bringup) by extensions ['ignore', 'ignore_ament_install']
[0.316s] Level 1:colcon.colcon_core.package_identification:_identify(src/mobile_robot_bringup) by extension 'ignore'
[0.316s] Level 1:colcon.colcon_core.package_identification:_identify(src/mobile_robot_bringup) by extension 'ignore_ament_install'
[0.316s] Level 1:colcon.colcon_core.package_identification:_identify(src/mobile_robot_bringup) by extensions ['colcon_pkg']
[0.316s] Level 1:colcon.colcon_core.package_identification:_identify(src/mobile_robot_bringup) by extension 'colcon_pkg'
[0.316s] Level 1:colcon.colcon_core.package_identification:_identify(src/mobile_robot_bringup) by extensions ['colcon_meta']
[0.316s] Level 1:colcon.colcon_core.package_identification:_identify(src/mobile_robot_bringup) by extension 'colcon_meta'
[0.316s] Level 1:colcon.colcon_core.package_identification:_identify(src/mobile_robot_bringup) by extensions ['ros']
[0.316s] Level 1:colcon.colcon_core.package_identification:_identify(src/mobile_robot_bringup) by extension 'ros'
[0.318s] DEBUG:colcon.colcon_core.package_identification:Package 'src/mobile_robot_bringup' with type 'ros.ament_cmake' and name 'mobile_robot_bringup'
[0.319s] Level 1:colcon.colcon_core.package_identification:_identify(src/mobile_robot_description) by extensions ['ignore', 'ignore_ament_install']
[0.319s] Level 1:colcon.colcon_core.package_identification:_identify(src/mobile_robot_description) by extension 'ignore'
[0.319s] Level 1:colcon.colcon_core.package_identification:_identify(src/mobile_robot_description) by extension 'ignore_ament_install'
[0.319s] Level 1:colcon.colcon_core.package_identification:_identify(src/mobile_robot_description) by extensions ['colcon_pkg']
[0.319s] Level 1:colcon.colcon_core.package_identification:_identify(src/mobile_robot_description) by extension 'colcon_pkg'
[0.319s] Level 1:colcon.colcon_core.package_identification:_identify(src/mobile_robot_description) by extensions ['colcon_meta']
[0.319s] Level 1:colcon.colcon_core.package_identification:_identify(src/mobile_robot_description) by extension 'colcon_meta'
[0.319s] Level 1:colcon.colcon_core.package_identification:_identify(src/mobile_robot_description) by extensions ['ros']
[0.319s] Level 1:colcon.colcon_core.package_identification:_identify(src/mobile_robot_description) by extension 'ros'
[0.319s] DEBUG:colcon.colcon_core.package_identification:Package 'src/mobile_robot_description' with type 'ros.ament_cmake' and name 'mobile_robot_description'
[0.319s] Level 1:colcon.colcon_core.package_discovery:discover_packages(recursive) using defaults
[0.320s] Level 1:colcon.colcon_core.package_discovery:discover_packages(ignore) discover
[0.320s] Level 1:colcon.colcon_core.package_discovery:discover_packages(ignore) using defaults
[0.320s] Level 1:colcon.colcon_core.package_discovery:discover_packages(path) discover
[0.320s] Level 1:colcon.colcon_core.package_discovery:discover_packages(path) using defaults
[0.341s] Level 1:colcon.colcon_core.package_discovery:discover_packages(prefix_path) check parameters
[0.341s] Level 1:colcon.colcon_core.package_discovery:discover_packages(prefix_path) discover
[0.371s] DEBUG:colcon.colcon_installed_package_information.package_discovery:Found 2 installed packages in /home/yousif/mobile_robot_ros2/install
[0.371s] DEBUG:colcon.colcon_installed_package_information.package_discovery:Found 3 installed packages in /home/yousif/example_ros2/install
[0.372s] DEBUG:colcon.colcon_installed_package_information.package_discovery:Found 1 installed packages in /home/yousif/ros2_ws_test/install
[0.373s] DEBUG:colcon.colcon_installed_package_information.package_discovery:Found 398 installed packages in /opt/ros/humble
[0.375s] Level 1:colcon.colcon_core.package_discovery:discover_packages(prefix_path) using defaults
[0.717s] Level 5:colcon.colcon_core.verb:set package 'mobile_robot_description' build argument 'cmake_args' from command line to 'None'
[0.717s] Level 5:colcon.colcon_core.verb:set package 'mobile_robot_description' build argument 'cmake_target' from command line to 'None'
[0.717s] Level 5:colcon.colcon_core.verb:set package 'mobile_robot_description' build argument 'cmake_target_skip_unavailable' from command line to 'False'
[0.717s] Level 5:colcon.colcon_core.verb:set package 'mobile_robot_description' build argument 'cmake_clean_cache' from command line to 'False'
[0.717s] Level 5:colcon.colcon_core.verb:set package 'mobile_robot_description' build argument 'cmake_clean_first' from command line to 'False'
[0.717s] Level 5:colcon.colcon_core.verb:set package 'mobile_robot_description' build argument 'cmake_force_configure' from command line to 'False'
[0.718s] Level 5:colcon.colcon_core.verb:set package 'mobile_robot_description' build argument 'ament_cmake_args' from command line to 'None'
[0.718s] Level 5:colcon.colcon_core.verb:set package 'mobile_robot_description' build argument 'catkin_cmake_args' from command line to 'None'
[0.718s] Level 5:colcon.colcon_core.verb:set package 'mobile_robot_description' build argument 'catkin_skip_building_tests' from command line to 'False'
[0.718s] DEBUG:colcon.colcon_core.verb:Building package 'mobile_robot_description' with the following arguments: {'ament_cmake_args': None, 'build_base': '/home/yousif/mobile_robot_ros2/build/mobile_robot_description', 'catkin_cmake_args': None, 'catkin_skip_building_tests': False, 'cmake_args': None, 'cmake_clean_cache': False, 'cmake_clean_first': False, 'cmake_force_configure': False, 'cmake_target': None, 'cmake_target_skip_unavailable': False, 'install_base': '/home/yousif/mobile_robot_ros2/install/mobile_robot_description', 'merge_install': False, 'path': '/home/yousif/mobile_robot_ros2/src/mobile_robot_description', 'symlink_install': True, 'test_result_base': None}
[0.718s] Level 5:colcon.colcon_core.verb:set package 'mobile_robot_bringup' build argument 'cmake_args' from command line to 'None'
[0.718s] Level 5:colcon.colcon_core.verb:set package 'mobile_robot_bringup' build argument 'cmake_target' from command line to 'None'
[0.718s] Level 5:colcon.colcon_core.verb:set package 'mobile_robot_bringup' build argument 'cmake_target_skip_unavailable' from command line to 'False'
[0.718s] Level 5:colcon.colcon_core.verb:set package 'mobile_robot_bringup' build argument 'cmake_clean_cache' from command line to 'False'
[0.718s] Level 5:colcon.colcon_core.verb:set package 'mobile_robot_bringup' build argument 'cmake_clean_first' from command line to 'False'
[0.718s] Level 5:colcon.colcon_core.verb:set package 'mobile_robot_bringup' build argument 'cmake_force_configure' from command line to 'False'
[0.718s] Level 5:colcon.colcon_core.verb:set package 'mobile_robot_bringup' build argument 'ament_cmake_args' from command line to 'None'
[0.718s] Level 5:colcon.colcon_core.verb:set package 'mobile_robot_bringup' build argument 'catkin_cmake_args' from command line to 'None'
[0.718s] Level 5:colcon.colcon_core.verb:set package 'mobile_robot_bringup' build argument 'catkin_skip_building_tests' from command line to 'False'
[0.718s] DEBUG:colcon.colcon_core.verb:Building package 'mobile_robot_bringup' with the following arguments: {'ament_cmake_args': None, 'build_base': '/home/yousif/mobile_robot_ros2/build/mobile_robot_bringup', 'catkin_cmake_args': None, 'catkin_skip_building_tests': False, 'cmake_args': None, 'cmake_clean_cache': False, 'cmake_clean_first': False, 'cmake_force_configure': False, 'cmake_target': None, 'cmake_target_skip_unavailable': False, 'install_base': '/home/yousif/mobile_robot_ros2/install/mobile_robot_bringup', 'merge_install': False, 'path': '/home/yousif/mobile_robot_ros2/src/mobile_robot_bringup', 'symlink_install': True, 'test_result_base': None}
[0.718s] INFO:colcon.colcon_core.executor:Executing jobs using 'parallel' executor
[0.719s] DEBUG:colcon.colcon_parallel_executor.executor.parallel:run_until_complete
[0.719s] INFO:colcon.colcon_ros.task.ament_cmake.build:Building ROS package in '/home/yousif/mobile_robot_ros2/src/mobile_robot_description' with build type 'ament_cmake'
[0.720s] INFO:colcon.colcon_cmake.task.cmake.build:Building CMake package in '/home/yousif/mobile_robot_ros2/src/mobile_robot_description'
[0.735s] INFO:colcon.colcon_core.plugin_system:Skipping extension 'colcon_core.shell.bat': Not used on non-Windows systems
[0.736s] INFO:colcon.colcon_core.shell:Skip shell extension 'powershell' for command environment: Not usable outside of PowerShell
[0.736s] DEBUG:colcon.colcon_core.shell:Skip shell extension 'dsv' for command environment
[0.774s] DEBUG:colcon.colcon_core.event_handler.log_command:Invoking command in '/home/yousif/mobile_robot_ros2/build/mobile_robot_description': CMAKE_PREFIX_PATH=${CMAKE_PREFIX_PATH}:/home/yousif/example_ros2/install/my_py_pkg:/home/yousif/ros2_ws_test/install/my_robot_controller:/opt/ros/humble /usr/bin/cmake --build /home/yousif/mobile_robot_ros2/build/mobile_robot_description -- -j8 -l8
[1.583s] DEBUG:colcon.colcon_core.event_handler.log_command:Invoked command in '/home/yousif/mobile_robot_ros2/build/mobile_robot_description' returned '0': CMAKE_PREFIX_PATH=${CMAKE_PREFIX_PATH}:/home/yousif/example_ros2/install/my_py_pkg:/home/yousif/ros2_ws_test/install/my_robot_controller:/opt/ros/humble /usr/bin/cmake --build /home/yousif/mobile_robot_ros2/build/mobile_robot_description -- -j8 -l8
[1.624s] DEBUG:colcon.colcon_core.event_handler.log_command:Invoking command in '/home/yousif/mobile_robot_ros2/build/mobile_robot_description': CMAKE_PREFIX_PATH=${CMAKE_PREFIX_PATH}:/home/yousif/example_ros2/install/my_py_pkg:/home/yousif/ros2_ws_test/install/my_robot_controller:/opt/ros/humble /usr/bin/cmake --install /home/yousif/mobile_robot_ros2/build/mobile_robot_description
[1.691s] Level 1:colcon.colcon_core.environment:create_environment_scripts_only(mobile_robot_description)
[1.691s] DEBUG:colcon.colcon_core.event_handler.log_command:Invoked command in '/home/yousif/mobile_robot_ros2/build/mobile_robot_description' returned '0': CMAKE_PREFIX_PATH=${CMAKE_PREFIX_PATH}:/home/yousif/example_ros2/install/my_py_pkg:/home/yousif/ros2_ws_test/install/my_robot_controller:/opt/ros/humble /usr/bin/cmake --install /home/yousif/mobile_robot_ros2/build/mobile_robot_description
[1.698s] Level 1:colcon.colcon_core.environment:checking '/home/yousif/mobile_robot_ros2/install/mobile_robot_description' for CMake module files
[1.699s] Level 1:colcon.colcon_core.environment:checking '/home/yousif/mobile_robot_ros2/install/mobile_robot_description' for CMake config files
[1.700s] Level 1:colcon.colcon_core.shell:create_environment_hook('mobile_robot_description', 'cmake_prefix_path')
[1.701s] INFO:colcon.colcon_core.shell:Creating environment hook '/home/yousif/mobile_robot_ros2/install/mobile_robot_description/share/mobile_robot_description/hook/cmake_prefix_path.ps1'
[1.714s] INFO:colcon.colcon_core.shell:Creating environment descriptor '/home/yousif/mobile_robot_ros2/install/mobile_robot_description/share/mobile_robot_description/hook/cmake_prefix_path.dsv'
[1.715s] INFO:colcon.colcon_core.shell:Creating environment hook '/home/yousif/mobile_robot_ros2/install/mobile_robot_description/share/mobile_robot_description/hook/cmake_prefix_path.sh'
[1.716s] Level 1:colcon.colcon_core.environment:checking '/home/yousif/mobile_robot_ros2/install/mobile_robot_description/bin'
[1.717s] Level 1:colcon.colcon_core.environment:checking '/home/yousif/mobile_robot_ros2/install/mobile_robot_description/lib/pkgconfig/mobile_robot_description.pc'
[1.717s] Level 1:colcon.colcon_core.environment:checking '/home/yousif/mobile_robot_ros2/install/mobile_robot_description/lib/python3.10/site-packages'
[1.717s] Level 1:colcon.colcon_core.environment:checking '/home/yousif/mobile_robot_ros2/install/mobile_robot_description/bin'
[1.718s] INFO:colcon.colcon_core.shell:Creating package script '/home/yousif/mobile_robot_ros2/install/mobile_robot_description/share/mobile_robot_description/package.ps1'
[1.719s] INFO:colcon.colcon_core.shell:Creating package descriptor '/home/yousif/mobile_robot_ros2/install/mobile_robot_description/share/mobile_robot_description/package.dsv'
[1.720s] INFO:colcon.colcon_core.shell:Creating package script '/home/yousif/mobile_robot_ros2/install/mobile_robot_description/share/mobile_robot_description/package.sh'
[1.721s] INFO:colcon.colcon_core.shell:Creating package script '/home/yousif/mobile_robot_ros2/install/mobile_robot_description/share/mobile_robot_description/package.bash'
[1.734s] INFO:colcon.colcon_core.shell:Creating package script '/home/yousif/mobile_robot_ros2/install/mobile_robot_description/share/mobile_robot_description/package.zsh'
[1.752s] Level 1:colcon.colcon_core.environment:create_file_with_runtime_dependencies(/home/yousif/mobile_robot_ros2/install/mobile_robot_description/share/colcon-core/packages/mobile_robot_description)
[1.802s] Level 1:colcon.colcon_core.environment:create_environment_scripts_only(mobile_robot_description)
[1.802s] Level 1:colcon.colcon_core.environment:checking '/home/yousif/mobile_robot_ros2/install/mobile_robot_description' for CMake module files
[1.803s] Level 1:colcon.colcon_core.environment:checking '/home/yousif/mobile_robot_ros2/install/mobile_robot_description' for CMake config files
[1.804s] Level 1:colcon.colcon_core.shell:create_environment_hook('mobile_robot_description', 'cmake_prefix_path')
[1.804s] INFO:colcon.colcon_core.shell:Creating environment hook '/home/yousif/mobile_robot_ros2/install/mobile_robot_description/share/mobile_robot_description/hook/cmake_prefix_path.ps1'
[1.805s] INFO:colcon.colcon_core.shell:Creating environment descriptor '/home/yousif/mobile_robot_ros2/install/mobile_robot_description/share/mobile_robot_description/hook/cmake_prefix_path.dsv'
[1.806s] INFO:colcon.colcon_core.shell:Creating environment hook '/home/yousif/mobile_robot_ros2/install/mobile_robot_description/share/mobile_robot_description/hook/cmake_prefix_path.sh'
[1.807s] Level 1:colcon.colcon_core.environment:checking '/home/yousif/mobile_robot_ros2/install/mobile_robot_description/bin'
[1.807s] Level 1:colcon.colcon_core.environment:checking '/home/yousif/mobile_robot_ros2/install/mobile_robot_description/lib/pkgconfig/mobile_robot_description.pc'
[1.807s] Level 1:colcon.colcon_core.environment:checking '/home/yousif/mobile_robot_ros2/install/mobile_robot_description/lib/python3.10/site-packages'
[1.808s] Level 1:colcon.colcon_core.environment:checking '/home/yousif/mobile_robot_ros2/install/mobile_robot_description/bin'
[1.808s] INFO:colcon.colcon_core.shell:Creating package script '/home/yousif/mobile_robot_ros2/install/mobile_robot_description/share/mobile_robot_description/package.ps1'
[1.809s] INFO:colcon.colcon_core.shell:Creating package descriptor '/home/yousif/mobile_robot_ros2/install/mobile_robot_description/share/mobile_robot_description/package.dsv'
[1.810s] INFO:colcon.colcon_core.shell:Creating package script '/home/yousif/mobile_robot_ros2/install/mobile_robot_description/share/mobile_robot_description/package.sh'
[1.811s] INFO:colcon.colcon_core.shell:Creating package script '/home/yousif/mobile_robot_ros2/install/mobile_robot_description/share/mobile_robot_description/package.bash'
[1.811s] INFO:colcon.colcon_core.shell:Creating package script '/home/yousif/mobile_robot_ros2/install/mobile_robot_description/share/mobile_robot_description/package.zsh'
[1.812s] Level 1:colcon.colcon_core.environment:create_file_with_runtime_dependencies(/home/yousif/mobile_robot_ros2/install/mobile_robot_description/share/colcon-core/packages/mobile_robot_description)
[1.813s] INFO:colcon.colcon_ros.task.ament_cmake.build:Building ROS package in '/home/yousif/mobile_robot_ros2/src/mobile_robot_bringup' with build type 'ament_cmake'
[1.813s] INFO:colcon.colcon_cmake.task.cmake.build:Building CMake package in '/home/yousif/mobile_robot_ros2/src/mobile_robot_bringup'
[1.813s] INFO:colcon.colcon_core.shell:Skip shell extension 'powershell' for command environment: Not usable outside of PowerShell
[1.813s] DEBUG:colcon.colcon_core.shell:Skip shell extension 'dsv' for command environment
[1.871s] DEBUG:colcon.colcon_core.event_handler.log_command:Invoking command in '/home/yousif/mobile_robot_ros2/build/mobile_robot_bringup': CMAKE_PREFIX_PATH=/home/yousif/mobile_robot_ros2/install/mobile_robot_description:/home/yousif/mobile_robot_ros2/install/mobile_robot_bringup:/home/yousif/example_ros2/install/my_robot_bringup:/home/yousif/example_ros2/install/my_robot_interfaces:/home/yousif/example_ros2/install/my_py_pkg:/home/yousif/ros2_ws_test/install/my_robot_controller:/opt/ros/humble /usr/bin/cmake --build /home/yousif/mobile_robot_ros2/build/mobile_robot_bringup -- -j8 -l8
[2.005s] DEBUG:colcon.colcon_core.event_handler.log_command:Invoked command in '/home/yousif/mobile_robot_ros2/build/mobile_robot_bringup' returned '0': CMAKE_PREFIX_PATH=/home/yousif/mobile_robot_ros2/install/mobile_robot_description:/home/yousif/mobile_robot_ros2/install/mobile_robot_bringup:/home/yousif/example_ros2/install/my_robot_bringup:/home/yousif/example_ros2/install/my_robot_interfaces:/home/yousif/example_ros2/install/my_py_pkg:/home/yousif/ros2_ws_test/install/my_robot_controller:/opt/ros/humble /usr/bin/cmake --build /home/yousif/mobile_robot_ros2/build/mobile_robot_bringup -- -j8 -l8
[2.057s] DEBUG:colcon.colcon_core.event_handler.log_command:Invoking command in '/home/yousif/mobile_robot_ros2/build/mobile_robot_bringup': CMAKE_PREFIX_PATH=/home/yousif/mobile_robot_ros2/install/mobile_robot_description:/home/yousif/mobile_robot_ros2/install/mobile_robot_bringup:/home/yousif/example_ros2/install/my_robot_bringup:/home/yousif/example_ros2/install/my_robot_interfaces:/home/yousif/example_ros2/install/my_py_pkg:/home/yousif/ros2_ws_test/install/my_robot_controller:/opt/ros/humble /usr/bin/cmake --install /home/yousif/mobile_robot_ros2/build/mobile_robot_bringup
[2.098s] Level 1:colcon.colcon_core.environment:create_environment_scripts_only(mobile_robot_bringup)
[2.098s] Level 1:colcon.colcon_core.environment:checking '/home/yousif/mobile_robot_ros2/install/mobile_robot_bringup' for CMake module files
[2.099s] DEBUG:colcon.colcon_core.event_handler.log_command:Invoked command in '/home/yousif/mobile_robot_ros2/build/mobile_robot_bringup' returned '0': CMAKE_PREFIX_PATH=/home/yousif/mobile_robot_ros2/install/mobile_robot_description:/home/yousif/mobile_robot_ros2/install/mobile_robot_bringup:/home/yousif/example_ros2/install/my_robot_bringup:/home/yousif/example_ros2/install/my_robot_interfaces:/home/yousif/example_ros2/install/my_py_pkg:/home/yousif/ros2_ws_test/install/my_robot_controller:/opt/ros/humble /usr/bin/cmake --install /home/yousif/mobile_robot_ros2/build/mobile_robot_bringup
[2.099s] Level 1:colcon.colcon_core.environment:checking '/home/yousif/mobile_robot_ros2/install/mobile_robot_bringup' for CMake config files
[2.100s] Level 1:colcon.colcon_core.shell:create_environment_hook('mobile_robot_bringup', 'cmake_prefix_path')
[2.100s] INFO:colcon.colcon_core.shell:Creating environment hook '/home/yousif/mobile_robot_ros2/install/mobile_robot_bringup/share/mobile_robot_bringup/hook/cmake_prefix_path.ps1'
[2.100s] INFO:colcon.colcon_core.shell:Creating environment descriptor '/home/yousif/mobile_robot_ros2/install/mobile_robot_bringup/share/mobile_robot_bringup/hook/cmake_prefix_path.dsv'
[2.101s] INFO:colcon.colcon_core.shell:Creating environment hook '/home/yousif/mobile_robot_ros2/install/mobile_robot_bringup/share/mobile_robot_bringup/hook/cmake_prefix_path.sh'
[2.102s] Level 1:colcon.colcon_core.environment:checking '/home/yousif/mobile_robot_ros2/install/mobile_robot_bringup/bin'
[2.102s] Level 1:colcon.colcon_core.environment:checking '/home/yousif/mobile_robot_ros2/install/mobile_robot_bringup/lib/pkgconfig/mobile_robot_bringup.pc'
[2.102s] Level 1:colcon.colcon_core.environment:checking '/home/yousif/mobile_robot_ros2/install/mobile_robot_bringup/lib/python3.10/site-packages'
[2.102s] Level 1:colcon.colcon_core.environment:checking '/home/yousif/mobile_robot_ros2/install/mobile_robot_bringup/bin'
[2.103s] INFO:colcon.colcon_core.shell:Creating package script '/home/yousif/mobile_robot_ros2/install/mobile_robot_bringup/share/mobile_robot_bringup/package.ps1'
[2.103s] INFO:colcon.colcon_core.shell:Creating package descriptor '/home/yousif/mobile_robot_ros2/install/mobile_robot_bringup/share/mobile_robot_bringup/package.dsv'
[2.104s] INFO:colcon.colcon_core.shell:Creating package script '/home/yousif/mobile_robot_ros2/install/mobile_robot_bringup/share/mobile_robot_bringup/package.sh'
[2.104s] INFO:colcon.colcon_core.shell:Creating package script '/home/yousif/mobile_robot_ros2/install/mobile_robot_bringup/share/mobile_robot_bringup/package.bash'
[2.105s] INFO:colcon.colcon_core.shell:Creating package script '/home/yousif/mobile_robot_ros2/install/mobile_robot_bringup/share/mobile_robot_bringup/package.zsh'
[2.105s] Level 1:colcon.colcon_core.environment:create_file_with_runtime_dependencies(/home/yousif/mobile_robot_ros2/install/mobile_robot_bringup/share/colcon-core/packages/mobile_robot_bringup)
[2.138s] Level 1:colcon.colcon_core.environment:create_environment_scripts_only(mobile_robot_bringup)
[2.138s] Level 1:colcon.colcon_core.environment:checking '/home/yousif/mobile_robot_ros2/install/mobile_robot_bringup' for CMake module files
[2.139s] Level 1:colcon.colcon_core.environment:checking '/home/yousif/mobile_robot_ros2/install/mobile_robot_bringup' for CMake config files
[2.140s] Level 1:colcon.colcon_core.shell:create_environment_hook('mobile_robot_bringup', 'cmake_prefix_path')
[2.140s] INFO:colcon.colcon_core.shell:Creating environment hook '/home/yousif/mobile_robot_ros2/install/mobile_robot_bringup/share/mobile_robot_bringup/hook/cmake_prefix_path.ps1'
[2.140s] INFO:colcon.colcon_core.shell:Creating environment descriptor '/home/yousif/mobile_robot_ros2/install/mobile_robot_bringup/share/mobile_robot_bringup/hook/cmake_prefix_path.dsv'
[2.141s] INFO:colcon.colcon_core.shell:Creating environment hook '/home/yousif/mobile_robot_ros2/install/mobile_robot_bringup/share/mobile_robot_bringup/hook/cmake_prefix_path.sh'
[2.141s] Level 1:colcon.colcon_core.environment:checking '/home/yousif/mobile_robot_ros2/install/mobile_robot_bringup/bin'
[2.142s] Level 1:colcon.colcon_core.environment:checking '/home/yousif/mobile_robot_ros2/install/mobile_robot_bringup/lib/pkgconfig/mobile_robot_bringup.pc'
[2.142s] Level 1:colcon.colcon_core.environment:checking '/home/yousif/mobile_robot_ros2/install/mobile_robot_bringup/lib/python3.10/site-packages'
[2.142s] Level 1:colcon.colcon_core.environment:checking '/home/yousif/mobile_robot_ros2/install/mobile_robot_bringup/bin'
[2.143s] INFO:colcon.colcon_core.shell:Creating package script '/home/yousif/mobile_robot_ros2/install/mobile_robot_bringup/share/mobile_robot_bringup/package.ps1'
[2.143s] INFO:colcon.colcon_core.shell:Creating package descriptor '/home/yousif/mobile_robot_ros2/install/mobile_robot_bringup/share/mobile_robot_bringup/package.dsv'
[2.144s] INFO:colcon.colcon_core.shell:Creating package script '/home/yousif/mobile_robot_ros2/install/mobile_robot_bringup/share/mobile_robot_bringup/package.sh'
[2.144s] INFO:colcon.colcon_core.shell:Creating package script '/home/yousif/mobile_robot_ros2/install/mobile_robot_bringup/share/mobile_robot_bringup/package.bash'
[2.145s] INFO:colcon.colcon_core.shell:Creating package script '/home/yousif/mobile_robot_ros2/install/mobile_robot_bringup/share/mobile_robot_bringup/package.zsh'
[2.145s] Level 1:colcon.colcon_core.environment:create_file_with_runtime_dependencies(/home/yousif/mobile_robot_ros2/install/mobile_robot_bringup/share/colcon-core/packages/mobile_robot_bringup)
[2.146s] DEBUG:colcon.colcon_parallel_executor.executor.parallel:closing loop
[2.146s] DEBUG:colcon.colcon_parallel_executor.executor.parallel:loop closed
[2.146s] DEBUG:colcon.colcon_parallel_executor.executor.parallel:run_until_complete finished with '0'
[2.146s] DEBUG:colcon.colcon_core.event_reactor:joining thread
[2.154s] INFO:colcon.colcon_core.plugin_system:Skipping extension 'colcon_notification.desktop_notification.terminal_notifier': Not used on non-Darwin systems
[2.154s] INFO:colcon.colcon_core.plugin_system:Skipping extension 'colcon_notification.desktop_notification.win32': Not used on non-Windows systems
[2.154s] INFO:colcon.colcon_notification.desktop_notification:Sending desktop notification using 'notify2'
[2.172s] DEBUG:colcon.colcon_core.event_reactor:joined thread
[2.172s] INFO:colcon.colcon_core.shell:Creating prefix script '/home/yousif/mobile_robot_ros2/install/local_setup.ps1'
[2.182s] INFO:colcon.colcon_core.shell:Creating prefix util module '/home/yousif/mobile_robot_ros2/install/_local_setup_util_ps1.py'
[2.191s] INFO:colcon.colcon_core.shell:Creating prefix chain script '/home/yousif/mobile_robot_ros2/install/setup.ps1'
[2.193s] INFO:colcon.colcon_core.shell:Creating prefix script '/home/yousif/mobile_robot_ros2/install/local_setup.sh'
[2.194s] INFO:colcon.colcon_core.shell:Creating prefix util module '/home/yousif/mobile_robot_ros2/install/_local_setup_util_sh.py'
[2.194s] INFO:colcon.colcon_core.shell:Creating prefix chain script '/home/yousif/mobile_robot_ros2/install/setup.sh'
[2.196s] INFO:colcon.colcon_core.shell:Creating prefix script '/home/yousif/mobile_robot_ros2/install/local_setup.bash'
[2.197s] INFO:colcon.colcon_core.shell:Creating prefix chain script '/home/yousif/mobile_robot_ros2/install/setup.bash'
[2.199s] INFO:colcon.colcon_core.shell:Creating prefix script '/home/yousif/mobile_robot_ros2/install/local_setup.zsh'
[2.199s] INFO:colcon.colcon_core.shell:Creating prefix chain script '/home/yousif/mobile_robot_ros2/install/setup.zsh'
