[0.057s] Invoking command in '/home/yousif/mobile_robot_ros2/build/mobile_robot_description': CMAKE_PREFIX_PATH=${CMAKE_PREFIX_PATH}:/home/yousif/example_ros2/install/my_py_pkg:/home/yousif/ros2_ws_test/install/my_robot_controller:/opt/ros/humble /usr/bin/cmake --build /home/yousif/mobile_robot_ros2/build/mobile_robot_description -- -j8 -l8
[0.908s] Invoked command in '/home/yousif/mobile_robot_ros2/build/mobile_robot_description' returned '0': CMAKE_PREFIX_PATH=${CMAKE_PREFIX_PATH}:/home/yousif/example_ros2/install/my_py_pkg:/home/yousif/ros2_ws_test/install/my_robot_controller:/opt/ros/humble /usr/bin/cmake --build /home/yousif/mobile_robot_ros2/build/mobile_robot_description -- -j8 -l8
[0.948s] Invoking command in '/home/yousif/mobile_robot_ros2/build/mobile_robot_description': CMAKE_PREFIX_PATH=${CMAKE_PREFIX_PATH}:/home/yousif/example_ros2/install/my_py_pkg:/home/yousif/ros2_ws_test/install/my_robot_controller:/opt/ros/humble /usr/bin/cmake --install /home/yousif/mobile_robot_ros2/build/mobile_robot_description
[0.958s] -- Install configuration: ""
[0.970s] -- Execute custom install script
[0.991s] -- Up-to-date symlink: /home/yousif/mobile_robot_ros2/install/mobile_robot_description/share/mobile_robot_description//urdf/base.urdf.xacro
[0.992s] -- Up-to-date symlink: /home/yousif/mobile_robot_ros2/install/mobile_robot_description/share/mobile_robot_description//urdf/common_properties.urdf.xacro
[0.993s] -- Up-to-date symlink: /home/yousif/mobile_robot_ros2/install/mobile_robot_description/share/mobile_robot_description//urdf/mobile_robot.urdf.xacro
[0.994s] -- Up-to-date symlink: /home/yousif/mobile_robot_ros2/install/mobile_robot_description/share/mobile_robot_description//launch/display.launch.py
[0.994s] -- Up-to-date symlink: /home/yousif/mobile_robot_ros2/install/mobile_robot_description/share/mobile_robot_description//launch/display.launch.xml
[0.995s] -- Up-to-date symlink: /home/yousif/mobile_robot_ros2/install/mobile_robot_description/share/mobile_robot_description//rviz/urdf.config.rviz
[0.996s] -- Up-to-date symlink: /home/yousif/mobile_robot_ros2/install/mobile_robot_description/share/ament_index/resource_index/package_run_dependencies/mobile_robot_description
[0.996s] -- Up-to-date symlink: /home/yousif/mobile_robot_ros2/install/mobile_robot_description/share/ament_index/resource_index/parent_prefix_path/mobile_robot_description
[0.997s] -- Up-to-date symlink: /home/yousif/mobile_robot_ros2/install/mobile_robot_description/share/mobile_robot_description/environment/ament_prefix_path.sh
[0.997s] -- Up-to-date symlink: /home/yousif/mobile_robot_ros2/install/mobile_robot_description/share/mobile_robot_description/environment/ament_prefix_path.dsv
[0.998s] -- Up-to-date symlink: /home/yousif/mobile_robot_ros2/install/mobile_robot_description/share/mobile_robot_description/environment/path.sh
[0.998s] -- Up-to-date symlink: /home/yousif/mobile_robot_ros2/install/mobile_robot_description/share/mobile_robot_description/environment/path.dsv
[0.999s] -- Up-to-date symlink: /home/yousif/mobile_robot_ros2/install/mobile_robot_description/share/mobile_robot_description/local_setup.bash
[1.000s] -- Up-to-date symlink: /home/yousif/mobile_robot_ros2/install/mobile_robot_description/share/mobile_robot_description/local_setup.sh
[1.000s] -- Up-to-date symlink: /home/yousif/mobile_robot_ros2/install/mobile_robot_description/share/mobile_robot_description/local_setup.zsh
[1.001s] -- Up-to-date symlink: /home/yousif/mobile_robot_ros2/install/mobile_robot_description/share/mobile_robot_description/local_setup.dsv
[1.001s] -- Symlinking: /home/yousif/mobile_robot_ros2/install/mobile_robot_description/share/mobile_robot_description/package.dsv
[1.036s] -- Up-to-date symlink: /home/yousif/mobile_robot_ros2/install/mobile_robot_description/share/ament_index/resource_index/packages/mobile_robot_description
[1.037s] -- Up-to-date symlink: /home/yousif/mobile_robot_ros2/install/mobile_robot_description/share/mobile_robot_description/cmake/mobile_robot_descriptionConfig.cmake
[1.038s] -- Up-to-date symlink: /home/yousif/mobile_robot_ros2/install/mobile_robot_description/share/mobile_robot_description/cmake/mobile_robot_descriptionConfig-version.cmake
[1.038s] -- Up-to-date symlink: /home/yousif/mobile_robot_ros2/install/mobile_robot_description/share/mobile_robot_description/package.xml
[1.043s] Invoked command in '/home/yousif/mobile_robot_ros2/build/mobile_robot_description' returned '0': CMAKE_PREFIX_PATH=${CMAKE_PREFIX_PATH}:/home/yousif/example_ros2/install/my_py_pkg:/home/yousif/ros2_ws_test/install/my_robot_controller:/opt/ros/humble /usr/bin/cmake --install /home/yousif/mobile_robot_ros2/build/mobile_robot_description
