[0.125s] DEBUG:colcon:Command line arguments: ['/usr/bin/colcon', 'build', '--symlink-install']
[0.125s] DEBUG:colcon:Parsed command line arguments: Namespace(log_base=None, log_level=None, verb_name='build', build_base='build', install_base='install', merge_install=False, symlink_install=True, test_result_base=None, continue_on_error=False, executor='parallel', parallel_workers=8, event_handlers=None, ignore_user_meta=False, metas=['./colcon.meta'], base_paths=['.'], packages_ignore=None, packages_ignore_regex=None, paths=None, packages_up_to=None, packages_up_to_regex=None, packages_above=None, packages_above_and_dependencies=None, packages_above_depth=None, packages_select_by_dep=None, packages_skip_by_dep=None, packages_skip_up_to=None, packages_select_build_failed=False, packages_skip_build_finished=False, packages_select_test_failures=False, packages_skip_test_passed=False, packages_select=None, packages_skip=None, packages_select_regex=None, packages_skip_regex=None, packages_start=None, packages_end=None, allow_overriding=[], cmake_args=None, cmake_target=None, cmake_target_skip_unavailable=False, cmake_clean_cache=False, cmake_clean_first=False, cmake_force_configure=False, ament_cmake_args=None, catkin_cmake_args=None, catkin_skip_building_tests=False, verb_parser=<colcon_defaults.argument_parser.defaults.DefaultArgumentsDecorator object at 0x788c1991d330>, verb_extension=<colcon_core.verb.build.BuildVerb object at 0x788c19bd94e0>, main=<bound method BuildVerb.main of <colcon_core.verb.build.BuildVerb object at 0x788c19bd94e0>>)
[0.333s] Level 1:colcon.colcon_core.package_discovery:discover_packages(colcon_meta) check parameters
[0.333s] Level 1:colcon.colcon_core.package_discovery:discover_packages(recursive) check parameters
[0.333s] Level 1:colcon.colcon_core.package_discovery:discover_packages(ignore) check parameters
[0.333s] Level 1:colcon.colcon_core.package_discovery:discover_packages(path) check parameters
[0.333s] Level 1:colcon.colcon_core.package_discovery:discover_packages(colcon_meta) discover
[0.333s] Level 1:colcon.colcon_core.package_discovery:discover_packages(recursive) discover
[0.334s] INFO:colcon.colcon_core.package_discovery:Crawling recursively for packages in '/home/yousif/mobile_robot_ros2'
[0.334s] Level 1:colcon.colcon_core.package_identification:_identify(.) by extensions ['ignore', 'ignore_ament_install']
[0.334s] Level 1:colcon.colcon_core.package_identification:_identify(.) by extension 'ignore'
[0.334s] Level 1:colcon.colcon_core.package_identification:_identify(.) by extension 'ignore_ament_install'
[0.334s] Level 1:colcon.colcon_core.package_identification:_identify(.) by extensions ['colcon_pkg']
[0.334s] Level 1:colcon.colcon_core.package_identification:_identify(.) by extension 'colcon_pkg'
[0.334s] Level 1:colcon.colcon_core.package_identification:_identify(.) by extensions ['colcon_meta']
[0.334s] Level 1:colcon.colcon_core.package_identification:_identify(.) by extension 'colcon_meta'
[0.334s] Level 1:colcon.colcon_core.package_identification:_identify(.) by extensions ['ros']
[0.334s] Level 1:colcon.colcon_core.package_identification:_identify(.) by extension 'ros'
[0.345s] Level 1:colcon.colcon_core.package_identification:_identify(.) by extensions ['cmake', 'python']
[0.345s] Level 1:colcon.colcon_core.package_identification:_identify(.) by extension 'cmake'
[0.345s] Level 1:colcon.colcon_core.package_identification:_identify(.) by extension 'python'
[0.345s] Level 1:colcon.colcon_core.package_identification:_identify(.) by extensions ['python_setup_py']
[0.345s] Level 1:colcon.colcon_core.package_identification:_identify(.) by extension 'python_setup_py'
[0.345s] Level 1:colcon.colcon_core.package_identification:_identify(build) by extensions ['ignore', 'ignore_ament_install']
[0.345s] Level 1:colcon.colcon_core.package_identification:_identify(build) by extension 'ignore'
[0.345s] Level 1:colcon.colcon_core.package_identification:_identify(build) ignored
[0.345s] Level 1:colcon.colcon_core.package_identification:_identify(install) by extensions ['ignore', 'ignore_ament_install']
[0.345s] Level 1:colcon.colcon_core.package_identification:_identify(install) by extension 'ignore'
[0.345s] Level 1:colcon.colcon_core.package_identification:_identify(install) ignored
[0.346s] Level 1:colcon.colcon_core.package_identification:_identify(log) by extensions ['ignore', 'ignore_ament_install']
[0.346s] Level 1:colcon.colcon_core.package_identification:_identify(log) by extension 'ignore'
[0.346s] Level 1:colcon.colcon_core.package_identification:_identify(log) ignored
[0.346s] Level 1:colcon.colcon_core.package_identification:_identify(src) by extensions ['ignore', 'ignore_ament_install']
[0.346s] Level 1:colcon.colcon_core.package_identification:_identify(src) by extension 'ignore'
[0.346s] Level 1:colcon.colcon_core.package_identification:_identify(src) by extension 'ignore_ament_install'
[0.346s] Level 1:colcon.colcon_core.package_identification:_identify(src) by extensions ['colcon_pkg']
[0.346s] Level 1:colcon.colcon_core.package_identification:_identify(src) by extension 'colcon_pkg'
[0.346s] Level 1:colcon.colcon_core.package_identification:_identify(src) by extensions ['colcon_meta']
[0.346s] Level 1:colcon.colcon_core.package_identification:_identify(src) by extension 'colcon_meta'
[0.346s] Level 1:colcon.colcon_core.package_identification:_identify(src) by extensions ['ros']
[0.346s] Level 1:colcon.colcon_core.package_identification:_identify(src) by extension 'ros'
[0.346s] Level 1:colcon.colcon_core.package_identification:_identify(src) by extensions ['cmake', 'python']
[0.346s] Level 1:colcon.colcon_core.package_identification:_identify(src) by extension 'cmake'
[0.346s] Level 1:colcon.colcon_core.package_identification:_identify(src) by extension 'python'
[0.346s] Level 1:colcon.colcon_core.package_identification:_identify(src) by extensions ['python_setup_py']
[0.346s] Level 1:colcon.colcon_core.package_identification:_identify(src) by extension 'python_setup_py'
[0.346s] Level 1:colcon.colcon_core.package_identification:_identify(src/mobile_robot_bringup) by extensions ['ignore', 'ignore_ament_install']
[0.347s] Level 1:colcon.colcon_core.package_identification:_identify(src/mobile_robot_bringup) by extension 'ignore'
[0.347s] Level 1:colcon.colcon_core.package_identification:_identify(src/mobile_robot_bringup) by extension 'ignore_ament_install'
[0.347s] Level 1:colcon.colcon_core.package_identification:_identify(src/mobile_robot_bringup) by extensions ['colcon_pkg']
[0.347s] Level 1:colcon.colcon_core.package_identification:_identify(src/mobile_robot_bringup) by extension 'colcon_pkg'
[0.347s] Level 1:colcon.colcon_core.package_identification:_identify(src/mobile_robot_bringup) by extensions ['colcon_meta']
[0.347s] Level 1:colcon.colcon_core.package_identification:_identify(src/mobile_robot_bringup) by extension 'colcon_meta'
[0.347s] Level 1:colcon.colcon_core.package_identification:_identify(src/mobile_robot_bringup) by extensions ['ros']
[0.347s] Level 1:colcon.colcon_core.package_identification:_identify(src/mobile_robot_bringup) by extension 'ros'
[0.349s] DEBUG:colcon.colcon_core.package_identification:Package 'src/mobile_robot_bringup' with type 'ros.ament_cmake' and name 'mobile_robot_bringup'
[0.349s] Level 1:colcon.colcon_core.package_identification:_identify(src/mobile_robot_description) by extensions ['ignore', 'ignore_ament_install']
[0.349s] Level 1:colcon.colcon_core.package_identification:_identify(src/mobile_robot_description) by extension 'ignore'
[0.349s] Level 1:colcon.colcon_core.package_identification:_identify(src/mobile_robot_description) by extension 'ignore_ament_install'
[0.349s] Level 1:colcon.colcon_core.package_identification:_identify(src/mobile_robot_description) by extensions ['colcon_pkg']
[0.349s] Level 1:colcon.colcon_core.package_identification:_identify(src/mobile_robot_description) by extension 'colcon_pkg'
[0.349s] Level 1:colcon.colcon_core.package_identification:_identify(src/mobile_robot_description) by extensions ['colcon_meta']
[0.349s] Level 1:colcon.colcon_core.package_identification:_identify(src/mobile_robot_description) by extension 'colcon_meta'
[0.349s] Level 1:colcon.colcon_core.package_identification:_identify(src/mobile_robot_description) by extensions ['ros']
[0.349s] Level 1:colcon.colcon_core.package_identification:_identify(src/mobile_robot_description) by extension 'ros'
[0.350s] DEBUG:colcon.colcon_core.package_identification:Package 'src/mobile_robot_description' with type 'ros.ament_cmake' and name 'mobile_robot_description'
[0.350s] Level 1:colcon.colcon_core.package_discovery:discover_packages(recursive) using defaults
[0.350s] Level 1:colcon.colcon_core.package_discovery:discover_packages(ignore) discover
[0.350s] Level 1:colcon.colcon_core.package_discovery:discover_packages(ignore) using defaults
[0.350s] Level 1:colcon.colcon_core.package_discovery:discover_packages(path) discover
[0.350s] Level 1:colcon.colcon_core.package_discovery:discover_packages(path) using defaults
[0.370s] Level 1:colcon.colcon_core.package_discovery:discover_packages(prefix_path) check parameters
[0.370s] Level 1:colcon.colcon_core.package_discovery:discover_packages(prefix_path) discover
[0.403s] DEBUG:colcon.colcon_installed_package_information.package_discovery:Found 2 installed packages in /home/yousif/mobile_robot_ros2/install
[0.403s] DEBUG:colcon.colcon_installed_package_information.package_discovery:Found 3 installed packages in /home/yousif/example_ros2/install
[0.404s] DEBUG:colcon.colcon_installed_package_information.package_discovery:Found 1 installed packages in /home/yousif/ros2_ws_test/install
[0.406s] DEBUG:colcon.colcon_installed_package_information.package_discovery:Found 398 installed packages in /opt/ros/humble
[0.408s] Level 1:colcon.colcon_core.package_discovery:discover_packages(prefix_path) using defaults
[0.810s] Level 5:colcon.colcon_core.verb:set package 'mobile_robot_description' build argument 'cmake_args' from command line to 'None'
[0.810s] Level 5:colcon.colcon_core.verb:set package 'mobile_robot_description' build argument 'cmake_target' from command line to 'None'
[0.810s] Level 5:colcon.colcon_core.verb:set package 'mobile_robot_description' build argument 'cmake_target_skip_unavailable' from command line to 'False'
[0.810s] Level 5:colcon.colcon_core.verb:set package 'mobile_robot_description' build argument 'cmake_clean_cache' from command line to 'False'
[0.810s] Level 5:colcon.colcon_core.verb:set package 'mobile_robot_description' build argument 'cmake_clean_first' from command line to 'False'
[0.810s] Level 5:colcon.colcon_core.verb:set package 'mobile_robot_description' build argument 'cmake_force_configure' from command line to 'False'
[0.810s] Level 5:colcon.colcon_core.verb:set package 'mobile_robot_description' build argument 'ament_cmake_args' from command line to 'None'
[0.810s] Level 5:colcon.colcon_core.verb:set package 'mobile_robot_description' build argument 'catkin_cmake_args' from command line to 'None'
[0.810s] Level 5:colcon.colcon_core.verb:set package 'mobile_robot_description' build argument 'catkin_skip_building_tests' from command line to 'False'
[0.810s] DEBUG:colcon.colcon_core.verb:Building package 'mobile_robot_description' with the following arguments: {'ament_cmake_args': None, 'build_base': '/home/yousif/mobile_robot_ros2/build/mobile_robot_description', 'catkin_cmake_args': None, 'catkin_skip_building_tests': False, 'cmake_args': None, 'cmake_clean_cache': False, 'cmake_clean_first': False, 'cmake_force_configure': False, 'cmake_target': None, 'cmake_target_skip_unavailable': False, 'install_base': '/home/yousif/mobile_robot_ros2/install/mobile_robot_description', 'merge_install': False, 'path': '/home/yousif/mobile_robot_ros2/src/mobile_robot_description', 'symlink_install': True, 'test_result_base': None}
[0.810s] Level 5:colcon.colcon_core.verb:set package 'mobile_robot_bringup' build argument 'cmake_args' from command line to 'None'
[0.810s] Level 5:colcon.colcon_core.verb:set package 'mobile_robot_bringup' build argument 'cmake_target' from command line to 'None'
[0.810s] Level 5:colcon.colcon_core.verb:set package 'mobile_robot_bringup' build argument 'cmake_target_skip_unavailable' from command line to 'False'
[0.810s] Level 5:colcon.colcon_core.verb:set package 'mobile_robot_bringup' build argument 'cmake_clean_cache' from command line to 'False'
[0.810s] Level 5:colcon.colcon_core.verb:set package 'mobile_robot_bringup' build argument 'cmake_clean_first' from command line to 'False'
[0.811s] Level 5:colcon.colcon_core.verb:set package 'mobile_robot_bringup' build argument 'cmake_force_configure' from command line to 'False'
[0.811s] Level 5:colcon.colcon_core.verb:set package 'mobile_robot_bringup' build argument 'ament_cmake_args' from command line to 'None'
[0.811s] Level 5:colcon.colcon_core.verb:set package 'mobile_robot_bringup' build argument 'catkin_cmake_args' from command line to 'None'
[0.811s] Level 5:colcon.colcon_core.verb:set package 'mobile_robot_bringup' build argument 'catkin_skip_building_tests' from command line to 'False'
[0.811s] DEBUG:colcon.colcon_core.verb:Building package 'mobile_robot_bringup' with the following arguments: {'ament_cmake_args': None, 'build_base': '/home/yousif/mobile_robot_ros2/build/mobile_robot_bringup', 'catkin_cmake_args': None, 'catkin_skip_building_tests': False, 'cmake_args': None, 'cmake_clean_cache': False, 'cmake_clean_first': False, 'cmake_force_configure': False, 'cmake_target': None, 'cmake_target_skip_unavailable': False, 'install_base': '/home/yousif/mobile_robot_ros2/install/mobile_robot_bringup', 'merge_install': False, 'path': '/home/yousif/mobile_robot_ros2/src/mobile_robot_bringup', 'symlink_install': True, 'test_result_base': None}
[0.811s] INFO:colcon.colcon_core.executor:Executing jobs using 'parallel' executor
[0.812s] DEBUG:colcon.colcon_parallel_executor.executor.parallel:run_until_complete
[0.812s] INFO:colcon.colcon_ros.task.ament_cmake.build:Building ROS package in '/home/yousif/mobile_robot_ros2/src/mobile_robot_description' with build type 'ament_cmake'
[0.812s] INFO:colcon.colcon_cmake.task.cmake.build:Building CMake package in '/home/yousif/mobile_robot_ros2/src/mobile_robot_description'
[0.828s] INFO:colcon.colcon_core.plugin_system:Skipping extension 'colcon_core.shell.bat': Not used on non-Windows systems
[0.829s] INFO:colcon.colcon_core.shell:Skip shell extension 'powershell' for command environment: Not usable outside of PowerShell
[0.829s] DEBUG:colcon.colcon_core.shell:Skip shell extension 'dsv' for command environment
[0.876s] DEBUG:colcon.colcon_core.event_handler.log_command:Invoking command in '/home/yousif/mobile_robot_ros2/build/mobile_robot_description': CMAKE_PREFIX_PATH=${CMAKE_PREFIX_PATH}:/home/yousif/example_ros2/install/my_py_pkg:/home/yousif/ros2_ws_test/install/my_robot_controller:/opt/ros/humble /usr/bin/cmake --build /home/yousif/mobile_robot_ros2/build/mobile_robot_description -- -j8 -l8
[1.595s] DEBUG:colcon.colcon_core.event_handler.log_command:Invoked command in '/home/yousif/mobile_robot_ros2/build/mobile_robot_description' returned '0': CMAKE_PREFIX_PATH=${CMAKE_PREFIX_PATH}:/home/yousif/example_ros2/install/my_py_pkg:/home/yousif/ros2_ws_test/install/my_robot_controller:/opt/ros/humble /usr/bin/cmake --build /home/yousif/mobile_robot_ros2/build/mobile_robot_description -- -j8 -l8
[1.636s] DEBUG:colcon.colcon_core.event_handler.log_command:Invoking command in '/home/yousif/mobile_robot_ros2/build/mobile_robot_description': CMAKE_PREFIX_PATH=${CMAKE_PREFIX_PATH}:/home/yousif/example_ros2/install/my_py_pkg:/home/yousif/ros2_ws_test/install/my_robot_controller:/opt/ros/humble /usr/bin/cmake --install /home/yousif/mobile_robot_ros2/build/mobile_robot_description
[1.769s] Level 1:colcon.colcon_core.environment:create_environment_scripts_only(mobile_robot_description)
[1.770s] DEBUG:colcon.colcon_core.event_handler.log_command:Invoked command in '/home/yousif/mobile_robot_ros2/build/mobile_robot_description' returned '0': CMAKE_PREFIX_PATH=${CMAKE_PREFIX_PATH}:/home/yousif/example_ros2/install/my_py_pkg:/home/yousif/ros2_ws_test/install/my_robot_controller:/opt/ros/humble /usr/bin/cmake --install /home/yousif/mobile_robot_ros2/build/mobile_robot_description
[1.776s] Level 1:colcon.colcon_core.environment:checking '/home/yousif/mobile_robot_ros2/install/mobile_robot_description' for CMake module files
[1.777s] Level 1:colcon.colcon_core.environment:checking '/home/yousif/mobile_robot_ros2/install/mobile_robot_description' for CMake config files
[1.777s] Level 1:colcon.colcon_core.shell:create_environment_hook('mobile_robot_description', 'cmake_prefix_path')
[1.778s] INFO:colcon.colcon_core.shell:Creating environment hook '/home/yousif/mobile_robot_ros2/install/mobile_robot_description/share/mobile_robot_description/hook/cmake_prefix_path.ps1'
[1.786s] INFO:colcon.colcon_core.shell:Creating environment descriptor '/home/yousif/mobile_robot_ros2/install/mobile_robot_description/share/mobile_robot_description/hook/cmake_prefix_path.dsv'
[1.787s] INFO:colcon.colcon_core.shell:Creating environment hook '/home/yousif/mobile_robot_ros2/install/mobile_robot_description/share/mobile_robot_description/hook/cmake_prefix_path.sh'
[1.789s] Level 1:colcon.colcon_core.environment:checking '/home/yousif/mobile_robot_ros2/install/mobile_robot_description/bin'
[1.789s] Level 1:colcon.colcon_core.environment:checking '/home/yousif/mobile_robot_ros2/install/mobile_robot_description/lib/pkgconfig/mobile_robot_description.pc'
[1.789s] Level 1:colcon.colcon_core.environment:checking '/home/yousif/mobile_robot_ros2/install/mobile_robot_description/lib/python3.10/site-packages'
[1.789s] Level 1:colcon.colcon_core.environment:checking '/home/yousif/mobile_robot_ros2/install/mobile_robot_description/bin'
[1.790s] INFO:colcon.colcon_core.shell:Creating package script '/home/yousif/mobile_robot_ros2/install/mobile_robot_description/share/mobile_robot_description/package.ps1'
[1.791s] INFO:colcon.colcon_core.shell:Creating package descriptor '/home/yousif/mobile_robot_ros2/install/mobile_robot_description/share/mobile_robot_description/package.dsv'
[1.792s] INFO:colcon.colcon_core.shell:Creating package script '/home/yousif/mobile_robot_ros2/install/mobile_robot_description/share/mobile_robot_description/package.sh'
[1.793s] INFO:colcon.colcon_core.shell:Creating package script '/home/yousif/mobile_robot_ros2/install/mobile_robot_description/share/mobile_robot_description/package.bash'
[1.804s] INFO:colcon.colcon_core.shell:Creating package script '/home/yousif/mobile_robot_ros2/install/mobile_robot_description/share/mobile_robot_description/package.zsh'
[1.822s] Level 1:colcon.colcon_core.environment:create_file_with_runtime_dependencies(/home/yousif/mobile_robot_ros2/install/mobile_robot_description/share/colcon-core/packages/mobile_robot_description)
[1.882s] Level 1:colcon.colcon_core.environment:create_environment_scripts_only(mobile_robot_description)
[1.882s] Level 1:colcon.colcon_core.environment:checking '/home/yousif/mobile_robot_ros2/install/mobile_robot_description' for CMake module files
[1.883s] Level 1:colcon.colcon_core.environment:checking '/home/yousif/mobile_robot_ros2/install/mobile_robot_description' for CMake config files
[1.884s] Level 1:colcon.colcon_core.shell:create_environment_hook('mobile_robot_description', 'cmake_prefix_path')
[1.884s] INFO:colcon.colcon_core.shell:Creating environment hook '/home/yousif/mobile_robot_ros2/install/mobile_robot_description/share/mobile_robot_description/hook/cmake_prefix_path.ps1'
[1.885s] INFO:colcon.colcon_core.shell:Creating environment descriptor '/home/yousif/mobile_robot_ros2/install/mobile_robot_description/share/mobile_robot_description/hook/cmake_prefix_path.dsv'
[1.886s] INFO:colcon.colcon_core.shell:Creating environment hook '/home/yousif/mobile_robot_ros2/install/mobile_robot_description/share/mobile_robot_description/hook/cmake_prefix_path.sh'
[1.887s] Level 1:colcon.colcon_core.environment:checking '/home/yousif/mobile_robot_ros2/install/mobile_robot_description/bin'
[1.887s] Level 1:colcon.colcon_core.environment:checking '/home/yousif/mobile_robot_ros2/install/mobile_robot_description/lib/pkgconfig/mobile_robot_description.pc'
[1.888s] Level 1:colcon.colcon_core.environment:checking '/home/yousif/mobile_robot_ros2/install/mobile_robot_description/lib/python3.10/site-packages'
[1.888s] Level 1:colcon.colcon_core.environment:checking '/home/yousif/mobile_robot_ros2/install/mobile_robot_description/bin'
[1.889s] INFO:colcon.colcon_core.shell:Creating package script '/home/yousif/mobile_robot_ros2/install/mobile_robot_description/share/mobile_robot_description/package.ps1'
[1.890s] INFO:colcon.colcon_core.shell:Creating package descriptor '/home/yousif/mobile_robot_ros2/install/mobile_robot_description/share/mobile_robot_description/package.dsv'
[1.891s] INFO:colcon.colcon_core.shell:Creating package script '/home/yousif/mobile_robot_ros2/install/mobile_robot_description/share/mobile_robot_description/package.sh'
[1.891s] INFO:colcon.colcon_core.shell:Creating package script '/home/yousif/mobile_robot_ros2/install/mobile_robot_description/share/mobile_robot_description/package.bash'
[1.892s] INFO:colcon.colcon_core.shell:Creating package script '/home/yousif/mobile_robot_ros2/install/mobile_robot_description/share/mobile_robot_description/package.zsh'
[1.893s] Level 1:colcon.colcon_core.environment:create_file_with_runtime_dependencies(/home/yousif/mobile_robot_ros2/install/mobile_robot_description/share/colcon-core/packages/mobile_robot_description)
[1.893s] INFO:colcon.colcon_ros.task.ament_cmake.build:Building ROS package in '/home/yousif/mobile_robot_ros2/src/mobile_robot_bringup' with build type 'ament_cmake'
[1.893s] INFO:colcon.colcon_cmake.task.cmake.build:Building CMake package in '/home/yousif/mobile_robot_ros2/src/mobile_robot_bringup'
[1.894s] INFO:colcon.colcon_core.shell:Skip shell extension 'powershell' for command environment: Not usable outside of PowerShell
[1.894s] DEBUG:colcon.colcon_core.shell:Skip shell extension 'dsv' for command environment
[1.975s] DEBUG:colcon.colcon_core.event_handler.log_command:Invoking command in '/home/yousif/mobile_robot_ros2/build/mobile_robot_bringup': CMAKE_PREFIX_PATH=/home/yousif/mobile_robot_ros2/install/mobile_robot_description:/home/yousif/mobile_robot_ros2/install/mobile_robot_bringup:/home/yousif/example_ros2/install/my_robot_bringup:/home/yousif/example_ros2/install/my_robot_interfaces:/home/yousif/example_ros2/install/my_py_pkg:/home/yousif/ros2_ws_test/install/my_robot_controller:/opt/ros/humble /usr/bin/cmake --build /home/yousif/mobile_robot_ros2/build/mobile_robot_bringup -- -j8 -l8
[2.115s] DEBUG:colcon.colcon_core.event_handler.log_command:Invoked command in '/home/yousif/mobile_robot_ros2/build/mobile_robot_bringup' returned '0': CMAKE_PREFIX_PATH=/home/yousif/mobile_robot_ros2/install/mobile_robot_description:/home/yousif/mobile_robot_ros2/install/mobile_robot_bringup:/home/yousif/example_ros2/install/my_robot_bringup:/home/yousif/example_ros2/install/my_robot_interfaces:/home/yousif/example_ros2/install/my_py_pkg:/home/yousif/ros2_ws_test/install/my_robot_controller:/opt/ros/humble /usr/bin/cmake --build /home/yousif/mobile_robot_ros2/build/mobile_robot_bringup -- -j8 -l8
[2.149s] DEBUG:colcon.colcon_core.event_handler.log_command:Invoking command in '/home/yousif/mobile_robot_ros2/build/mobile_robot_bringup': CMAKE_PREFIX_PATH=/home/yousif/mobile_robot_ros2/install/mobile_robot_description:/home/yousif/mobile_robot_ros2/install/mobile_robot_bringup:/home/yousif/example_ros2/install/my_robot_bringup:/home/yousif/example_ros2/install/my_robot_interfaces:/home/yousif/example_ros2/install/my_py_pkg:/home/yousif/ros2_ws_test/install/my_robot_controller:/opt/ros/humble /usr/bin/cmake --install /home/yousif/mobile_robot_ros2/build/mobile_robot_bringup
[2.184s] Level 1:colcon.colcon_core.environment:create_environment_scripts_only(mobile_robot_bringup)
[2.184s] Level 1:colcon.colcon_core.environment:checking '/home/yousif/mobile_robot_ros2/install/mobile_robot_bringup' for CMake module files
[2.186s] DEBUG:colcon.colcon_core.event_handler.log_command:Invoked command in '/home/yousif/mobile_robot_ros2/build/mobile_robot_bringup' returned '0': CMAKE_PREFIX_PATH=/home/yousif/mobile_robot_ros2/install/mobile_robot_description:/home/yousif/mobile_robot_ros2/install/mobile_robot_bringup:/home/yousif/example_ros2/install/my_robot_bringup:/home/yousif/example_ros2/install/my_robot_interfaces:/home/yousif/example_ros2/install/my_py_pkg:/home/yousif/ros2_ws_test/install/my_robot_controller:/opt/ros/humble /usr/bin/cmake --install /home/yousif/mobile_robot_ros2/build/mobile_robot_bringup
[2.186s] Level 1:colcon.colcon_core.environment:checking '/home/yousif/mobile_robot_ros2/install/mobile_robot_bringup' for CMake config files
[2.187s] Level 1:colcon.colcon_core.shell:create_environment_hook('mobile_robot_bringup', 'cmake_prefix_path')
[2.187s] INFO:colcon.colcon_core.shell:Creating environment hook '/home/yousif/mobile_robot_ros2/install/mobile_robot_bringup/share/mobile_robot_bringup/hook/cmake_prefix_path.ps1'
[2.188s] INFO:colcon.colcon_core.shell:Creating environment descriptor '/home/yousif/mobile_robot_ros2/install/mobile_robot_bringup/share/mobile_robot_bringup/hook/cmake_prefix_path.dsv'
[2.188s] INFO:colcon.colcon_core.shell:Creating environment hook '/home/yousif/mobile_robot_ros2/install/mobile_robot_bringup/share/mobile_robot_bringup/hook/cmake_prefix_path.sh'
[2.189s] Level 1:colcon.colcon_core.environment:checking '/home/yousif/mobile_robot_ros2/install/mobile_robot_bringup/bin'
[2.189s] Level 1:colcon.colcon_core.environment:checking '/home/yousif/mobile_robot_ros2/install/mobile_robot_bringup/lib/pkgconfig/mobile_robot_bringup.pc'
[2.189s] Level 1:colcon.colcon_core.environment:checking '/home/yousif/mobile_robot_ros2/install/mobile_robot_bringup/lib/python3.10/site-packages'
[2.190s] Level 1:colcon.colcon_core.environment:checking '/home/yousif/mobile_robot_ros2/install/mobile_robot_bringup/bin'
[2.190s] INFO:colcon.colcon_core.shell:Creating package script '/home/yousif/mobile_robot_ros2/install/mobile_robot_bringup/share/mobile_robot_bringup/package.ps1'
[2.190s] INFO:colcon.colcon_core.shell:Creating package descriptor '/home/yousif/mobile_robot_ros2/install/mobile_robot_bringup/share/mobile_robot_bringup/package.dsv'
[2.191s] INFO:colcon.colcon_core.shell:Creating package script '/home/yousif/mobile_robot_ros2/install/mobile_robot_bringup/share/mobile_robot_bringup/package.sh'
[2.191s] INFO:colcon.colcon_core.shell:Creating package script '/home/yousif/mobile_robot_ros2/install/mobile_robot_bringup/share/mobile_robot_bringup/package.bash'
[2.192s] INFO:colcon.colcon_core.shell:Creating package script '/home/yousif/mobile_robot_ros2/install/mobile_robot_bringup/share/mobile_robot_bringup/package.zsh'
[2.192s] Level 1:colcon.colcon_core.environment:create_file_with_runtime_dependencies(/home/yousif/mobile_robot_ros2/install/mobile_robot_bringup/share/colcon-core/packages/mobile_robot_bringup)
[2.226s] Level 1:colcon.colcon_core.environment:create_environment_scripts_only(mobile_robot_bringup)
[2.226s] Level 1:colcon.colcon_core.environment:checking '/home/yousif/mobile_robot_ros2/install/mobile_robot_bringup' for CMake module files
[2.227s] Level 1:colcon.colcon_core.environment:checking '/home/yousif/mobile_robot_ros2/install/mobile_robot_bringup' for CMake config files
[2.228s] Level 1:colcon.colcon_core.shell:create_environment_hook('mobile_robot_bringup', 'cmake_prefix_path')
[2.228s] INFO:colcon.colcon_core.shell:Creating environment hook '/home/yousif/mobile_robot_ros2/install/mobile_robot_bringup/share/mobile_robot_bringup/hook/cmake_prefix_path.ps1'
[2.228s] INFO:colcon.colcon_core.shell:Creating environment descriptor '/home/yousif/mobile_robot_ros2/install/mobile_robot_bringup/share/mobile_robot_bringup/hook/cmake_prefix_path.dsv'
[2.229s] INFO:colcon.colcon_core.shell:Creating environment hook '/home/yousif/mobile_robot_ros2/install/mobile_robot_bringup/share/mobile_robot_bringup/hook/cmake_prefix_path.sh'
[2.229s] Level 1:colcon.colcon_core.environment:checking '/home/yousif/mobile_robot_ros2/install/mobile_robot_bringup/bin'
[2.230s] Level 1:colcon.colcon_core.environment:checking '/home/yousif/mobile_robot_ros2/install/mobile_robot_bringup/lib/pkgconfig/mobile_robot_bringup.pc'
[2.230s] Level 1:colcon.colcon_core.environment:checking '/home/yousif/mobile_robot_ros2/install/mobile_robot_bringup/lib/python3.10/site-packages'
[2.230s] Level 1:colcon.colcon_core.environment:checking '/home/yousif/mobile_robot_ros2/install/mobile_robot_bringup/bin'
[2.231s] INFO:colcon.colcon_core.shell:Creating package script '/home/yousif/mobile_robot_ros2/install/mobile_robot_bringup/share/mobile_robot_bringup/package.ps1'
[2.231s] INFO:colcon.colcon_core.shell:Creating package descriptor '/home/yousif/mobile_robot_ros2/install/mobile_robot_bringup/share/mobile_robot_bringup/package.dsv'
[2.232s] INFO:colcon.colcon_core.shell:Creating package script '/home/yousif/mobile_robot_ros2/install/mobile_robot_bringup/share/mobile_robot_bringup/package.sh'
[2.232s] INFO:colcon.colcon_core.shell:Creating package script '/home/yousif/mobile_robot_ros2/install/mobile_robot_bringup/share/mobile_robot_bringup/package.bash'
[2.233s] INFO:colcon.colcon_core.shell:Creating package script '/home/yousif/mobile_robot_ros2/install/mobile_robot_bringup/share/mobile_robot_bringup/package.zsh'
[2.233s] Level 1:colcon.colcon_core.environment:create_file_with_runtime_dependencies(/home/yousif/mobile_robot_ros2/install/mobile_robot_bringup/share/colcon-core/packages/mobile_robot_bringup)
[2.234s] DEBUG:colcon.colcon_parallel_executor.executor.parallel:closing loop
[2.234s] DEBUG:colcon.colcon_parallel_executor.executor.parallel:loop closed
[2.234s] DEBUG:colcon.colcon_parallel_executor.executor.parallel:run_until_complete finished with '0'
[2.234s] DEBUG:colcon.colcon_core.event_reactor:joining thread
[2.243s] INFO:colcon.colcon_core.plugin_system:Skipping extension 'colcon_notification.desktop_notification.terminal_notifier': Not used on non-Darwin systems
[2.243s] INFO:colcon.colcon_core.plugin_system:Skipping extension 'colcon_notification.desktop_notification.win32': Not used on non-Windows systems
[2.243s] INFO:colcon.colcon_notification.desktop_notification:Sending desktop notification using 'notify2'
[2.265s] DEBUG:colcon.colcon_core.event_reactor:joined thread
[2.266s] INFO:colcon.colcon_core.shell:Creating prefix script '/home/yousif/mobile_robot_ros2/install/local_setup.ps1'
[2.275s] INFO:colcon.colcon_core.shell:Creating prefix util module '/home/yousif/mobile_robot_ros2/install/_local_setup_util_ps1.py'
[2.289s] INFO:colcon.colcon_core.shell:Creating prefix chain script '/home/yousif/mobile_robot_ros2/install/setup.ps1'
[2.332s] INFO:colcon.colcon_core.shell:Creating prefix script '/home/yousif/mobile_robot_ros2/install/local_setup.sh'
[2.356s] INFO:colcon.colcon_core.shell:Creating prefix util module '/home/yousif/mobile_robot_ros2/install/_local_setup_util_sh.py'
[2.357s] INFO:colcon.colcon_core.shell:Creating prefix chain script '/home/yousif/mobile_robot_ros2/install/setup.sh'
[2.359s] INFO:colcon.colcon_core.shell:Creating prefix script '/home/yousif/mobile_robot_ros2/install/local_setup.bash'
[2.360s] INFO:colcon.colcon_core.shell:Creating prefix chain script '/home/yousif/mobile_robot_ros2/install/setup.bash'
[2.363s] INFO:colcon.colcon_core.shell:Creating prefix script '/home/yousif/mobile_robot_ros2/install/local_setup.zsh'
[2.365s] INFO:colcon.colcon_core.shell:Creating prefix chain script '/home/yousif/mobile_robot_ros2/install/setup.zsh'
