[0.011s] Invoking command in '/home/yousif/mobile_robot_ros2/build/mobile_robot_description': CMAKE_PREFIX_PATH=${CMAKE_PREFIX_PATH}:/home/yousif/example_ros2/install/my_py_pkg:/home/yousif/ros2_ws_test/install/my_robot_controller:/opt/ros/humble /usr/bin/cmake /home/yousif/mobile_robot_ros2/src/mobile_robot_description -DCMAKE_INSTALL_PREFIX=/home/yousif/mobile_robot_ros2/install/mobile_robot_description
[0.205s] -- Found ament_cmake: 1.3.10 (/opt/ros/humble/share/ament_cmake/cmake)
[0.513s] -- Override CMake install command with custom implementation using symlinks instead of copying resources
[0.803s] -- Configuring done
[0.870s] -- Generating done
[0.874s] -- Build files have been written to: /home/yousif/mobile_robot_ros2/build/mobile_robot_description
[0.885s] Invoked command in '/home/yousif/mobile_robot_ros2/build/mobile_robot_description' returned '0': CMAKE_PREFIX_PATH=${CMAKE_PREFIX_PATH}:/home/yousif/example_ros2/install/my_py_pkg:/home/yousif/ros2_ws_test/install/my_robot_controller:/opt/ros/humble /usr/bin/cmake /home/yousif/mobile_robot_ros2/src/mobile_robot_description -DCMAKE_INSTALL_PREFIX=/home/yousif/mobile_robot_ros2/install/mobile_robot_description
[0.892s] Invoking command in '/home/yousif/mobile_robot_ros2/build/mobile_robot_description': CMAKE_PREFIX_PATH=${CMAKE_PREFIX_PATH}:/home/yousif/example_ros2/install/my_py_pkg:/home/yousif/ros2_ws_test/install/my_robot_controller:/opt/ros/humble /usr/bin/cmake --build /home/yousif/mobile_robot_ros2/build/mobile_robot_description -- -j8 -l8
[0.967s] Invoked command in '/home/yousif/mobile_robot_ros2/build/mobile_robot_description' returned '0': CMAKE_PREFIX_PATH=${CMAKE_PREFIX_PATH}:/home/yousif/example_ros2/install/my_py_pkg:/home/yousif/ros2_ws_test/install/my_robot_controller:/opt/ros/humble /usr/bin/cmake --build /home/yousif/mobile_robot_ros2/build/mobile_robot_description -- -j8 -l8
[1.010s] Invoking command in '/home/yousif/mobile_robot_ros2/build/mobile_robot_description': CMAKE_PREFIX_PATH=${CMAKE_PREFIX_PATH}:/home/yousif/example_ros2/install/my_py_pkg:/home/yousif/ros2_ws_test/install/my_robot_controller:/opt/ros/humble /usr/bin/cmake --install /home/yousif/mobile_robot_ros2/build/mobile_robot_description
[1.020s] -- Install configuration: ""
[1.020s] -- Execute custom install script
[1.021s] -- Up-to-date symlink: /home/yousif/mobile_robot_ros2/install/mobile_robot_description/share/mobile_robot_description//urdf/base.urdf.xacro
[1.021s] -- Up-to-date symlink: /home/yousif/mobile_robot_ros2/install/mobile_robot_description/share/mobile_robot_description//urdf/common_properties.urdf.xacro
[1.021s] -- Up-to-date symlink: /home/yousif/mobile_robot_ros2/install/mobile_robot_description/share/mobile_robot_description//urdf/mobile_robot.urdf.xacro
[1.021s] -- Up-to-date symlink: /home/yousif/mobile_robot_ros2/install/mobile_robot_description/share/mobile_robot_description//launch/display.launch.py
[1.022s] -- Up-to-date symlink: /home/yousif/mobile_robot_ros2/install/mobile_robot_description/share/mobile_robot_description//launch/display.launch.xml
[1.022s] -- Up-to-date symlink: /home/yousif/mobile_robot_ros2/install/mobile_robot_description/share/mobile_robot_description//rviz/urdf.config.rviz
[1.022s] -- Up-to-date symlink: /home/yousif/mobile_robot_ros2/install/mobile_robot_description/share/ament_index/resource_index/package_run_dependencies/mobile_robot_description
[1.022s] -- Up-to-date symlink: /home/yousif/mobile_robot_ros2/install/mobile_robot_description/share/ament_index/resource_index/parent_prefix_path/mobile_robot_description
[1.022s] -- Up-to-date symlink: /home/yousif/mobile_robot_ros2/install/mobile_robot_description/share/mobile_robot_description/environment/ament_prefix_path.sh
[1.023s] -- Up-to-date symlink: /home/yousif/mobile_robot_ros2/install/mobile_robot_description/share/mobile_robot_description/environment/ament_prefix_path.dsv
[1.023s] -- Up-to-date symlink: /home/yousif/mobile_robot_ros2/install/mobile_robot_description/share/mobile_robot_description/environment/path.sh
[1.023s] -- Up-to-date symlink: /home/yousif/mobile_robot_ros2/install/mobile_robot_description/share/mobile_robot_description/environment/path.dsv
[1.023s] -- Up-to-date symlink: /home/yousif/mobile_robot_ros2/install/mobile_robot_description/share/mobile_robot_description/local_setup.bash
[1.023s] -- Up-to-date symlink: /home/yousif/mobile_robot_ros2/install/mobile_robot_description/share/mobile_robot_description/local_setup.sh
[1.024s] -- Up-to-date symlink: /home/yousif/mobile_robot_ros2/install/mobile_robot_description/share/mobile_robot_description/local_setup.zsh
[1.024s] -- Up-to-date symlink: /home/yousif/mobile_robot_ros2/install/mobile_robot_description/share/mobile_robot_description/local_setup.dsv
[1.024s] -- Symlinking: /home/yousif/mobile_robot_ros2/install/mobile_robot_description/share/mobile_robot_description/package.dsv
[1.036s] -- Up-to-date symlink: /home/yousif/mobile_robot_ros2/install/mobile_robot_description/share/ament_index/resource_index/packages/mobile_robot_description
[1.036s] -- Up-to-date symlink: /home/yousif/mobile_robot_ros2/install/mobile_robot_description/share/mobile_robot_description/cmake/mobile_robot_descriptionConfig.cmake
[1.036s] -- Up-to-date symlink: /home/yousif/mobile_robot_ros2/install/mobile_robot_description/share/mobile_robot_description/cmake/mobile_robot_descriptionConfig-version.cmake
[1.036s] -- Up-to-date symlink: /home/yousif/mobile_robot_ros2/install/mobile_robot_description/share/mobile_robot_description/package.xml
[1.038s] Invoked command in '/home/yousif/mobile_robot_ros2/build/mobile_robot_description' returned '0': CMAKE_PREFIX_PATH=${CMAKE_PREFIX_PATH}:/home/yousif/example_ros2/install/my_py_pkg:/home/yousif/ros2_ws_test/install/my_robot_controller:/opt/ros/humble /usr/bin/cmake --install /home/yousif/mobile_robot_ros2/build/mobile_robot_description
