[0.011s] Invoking command in '/home/yousif/mobile_robot_ros2/build/mobile_robot_bringup': CMAKE_PREFIX_PATH=/home/yousif/mobile_robot_ros2/install/mobile_robot_description:/home/yousif/mobile_robot_ros2/install/mobile_robot_bringup:/home/yousif/example_ros2/install/my_robot_bringup:/home/yousif/example_ros2/install/my_robot_interfaces:/home/yousif/example_ros2/install/my_py_pkg:/home/yousif/ros2_ws_test/install/my_robot_controller:/opt/ros/humble /usr/bin/cmake /home/yousif/mobile_robot_ros2/src/mobile_robot_bringup -DAMENT_CMAKE_SYMLINK_INSTALL=1 -DCMAKE_INSTALL_PREFIX=/home/yousif/mobile_robot_ros2/install/mobile_robot_bringup
[0.025s] -- Found ament_cmake: 1.3.10 (/opt/ros/humble/share/ament_cmake/cmake)
[0.153s] -- Override CMake install command with custom implementation using symlinks instead of copying resources
[0.229s] -- Configuring done
[0.232s] -- Generating done
[0.232s] -- Build files have been written to: /home/yousif/mobile_robot_ros2/build/mobile_robot_bringup
[0.236s] Invoked command in '/home/yousif/mobile_robot_ros2/build/mobile_robot_bringup' returned '0': CMAKE_PREFIX_PATH=/home/yousif/mobile_robot_ros2/install/mobile_robot_description:/home/yousif/mobile_robot_ros2/install/mobile_robot_bringup:/home/yousif/example_ros2/install/my_robot_bringup:/home/yousif/example_ros2/install/my_robot_interfaces:/home/yousif/example_ros2/install/my_py_pkg:/home/yousif/ros2_ws_test/install/my_robot_controller:/opt/ros/humble /usr/bin/cmake /home/yousif/mobile_robot_ros2/src/mobile_robot_bringup -DAMENT_CMAKE_SYMLINK_INSTALL=1 -DCMAKE_INSTALL_PREFIX=/home/yousif/mobile_robot_ros2/install/mobile_robot_bringup
[0.238s] Invoking command in '/home/yousif/mobile_robot_ros2/build/mobile_robot_bringup': CMAKE_PREFIX_PATH=/home/yousif/mobile_robot_ros2/install/mobile_robot_description:/home/yousif/mobile_robot_ros2/install/mobile_robot_bringup:/home/yousif/example_ros2/install/my_robot_bringup:/home/yousif/example_ros2/install/my_robot_interfaces:/home/yousif/example_ros2/install/my_py_pkg:/home/yousif/ros2_ws_test/install/my_robot_controller:/opt/ros/humble /usr/bin/cmake --build /home/yousif/mobile_robot_ros2/build/mobile_robot_bringup -- -j8 -l8
[0.283s] Invoked command in '/home/yousif/mobile_robot_ros2/build/mobile_robot_bringup' returned '0': CMAKE_PREFIX_PATH=/home/yousif/mobile_robot_ros2/install/mobile_robot_description:/home/yousif/mobile_robot_ros2/install/mobile_robot_bringup:/home/yousif/example_ros2/install/my_robot_bringup:/home/yousif/example_ros2/install/my_robot_interfaces:/home/yousif/example_ros2/install/my_py_pkg:/home/yousif/ros2_ws_test/install/my_robot_controller:/opt/ros/humble /usr/bin/cmake --build /home/yousif/mobile_robot_ros2/build/mobile_robot_bringup -- -j8 -l8
[0.312s] Invoking command in '/home/yousif/mobile_robot_ros2/build/mobile_robot_bringup': CMAKE_PREFIX_PATH=/home/yousif/mobile_robot_ros2/install/mobile_robot_description:/home/yousif/mobile_robot_ros2/install/mobile_robot_bringup:/home/yousif/example_ros2/install/my_robot_bringup:/home/yousif/example_ros2/install/my_robot_interfaces:/home/yousif/example_ros2/install/my_py_pkg:/home/yousif/ros2_ws_test/install/my_robot_controller:/opt/ros/humble /usr/bin/cmake --install /home/yousif/mobile_robot_ros2/build/mobile_robot_bringup
[0.320s] -- Install configuration: ""
[0.320s] -- Execute custom install script
[0.321s] -- Up-to-date symlink: /home/yousif/mobile_robot_ros2/install/mobile_robot_bringup/share/mobile_robot_bringup//launch/mobile_robot_gazebo.launch.xml
[0.321s] -- Up-to-date symlink: /home/yousif/mobile_robot_ros2/install/mobile_robot_bringup/share/mobile_robot_bringup//rviz/urdf_config.rviz
[0.321s] -- Up-to-date symlink: /home/yousif/mobile_robot_ros2/install/mobile_robot_bringup/share/mobile_robot_bringup//worlds/test_world.world
[0.322s] -- Up-to-date symlink: /home/yousif/mobile_robot_ros2/install/mobile_robot_bringup/share/ament_index/resource_index/package_run_dependencies/mobile_robot_bringup
[0.322s] -- Up-to-date symlink: /home/yousif/mobile_robot_ros2/install/mobile_robot_bringup/share/ament_index/resource_index/parent_prefix_path/mobile_robot_bringup
[0.322s] -- Up-to-date symlink: /home/yousif/mobile_robot_ros2/install/mobile_robot_bringup/share/mobile_robot_bringup/environment/ament_prefix_path.sh
[0.322s] -- Up-to-date symlink: /home/yousif/mobile_robot_ros2/install/mobile_robot_bringup/share/mobile_robot_bringup/environment/ament_prefix_path.dsv
[0.322s] -- Up-to-date symlink: /home/yousif/mobile_robot_ros2/install/mobile_robot_bringup/share/mobile_robot_bringup/environment/path.sh
[0.323s] -- Up-to-date symlink: /home/yousif/mobile_robot_ros2/install/mobile_robot_bringup/share/mobile_robot_bringup/environment/path.dsv
[0.323s] -- Up-to-date symlink: /home/yousif/mobile_robot_ros2/install/mobile_robot_bringup/share/mobile_robot_bringup/local_setup.bash
[0.323s] -- Up-to-date symlink: /home/yousif/mobile_robot_ros2/install/mobile_robot_bringup/share/mobile_robot_bringup/local_setup.sh
[0.323s] -- Up-to-date symlink: /home/yousif/mobile_robot_ros2/install/mobile_robot_bringup/share/mobile_robot_bringup/local_setup.zsh
[0.324s] -- Up-to-date symlink: /home/yousif/mobile_robot_ros2/install/mobile_robot_bringup/share/mobile_robot_bringup/local_setup.dsv
[0.324s] -- Symlinking: /home/yousif/mobile_robot_ros2/install/mobile_robot_bringup/share/mobile_robot_bringup/package.dsv
[0.335s] -- Up-to-date symlink: /home/yousif/mobile_robot_ros2/install/mobile_robot_bringup/share/ament_index/resource_index/packages/mobile_robot_bringup
[0.335s] -- Up-to-date symlink: /home/yousif/mobile_robot_ros2/install/mobile_robot_bringup/share/mobile_robot_bringup/cmake/mobile_robot_bringupConfig.cmake
[0.335s] -- Up-to-date symlink: /home/yousif/mobile_robot_ros2/install/mobile_robot_bringup/share/mobile_robot_bringup/cmake/mobile_robot_bringupConfig-version.cmake
[0.335s] -- Up-to-date symlink: /home/yousif/mobile_robot_ros2/install/mobile_robot_bringup/share/mobile_robot_bringup/package.xml
[0.338s] Invoked command in '/home/yousif/mobile_robot_ros2/build/mobile_robot_bringup' returned '0': CMAKE_PREFIX_PATH=/home/yousif/mobile_robot_ros2/install/mobile_robot_description:/home/yousif/mobile_robot_ros2/install/mobile_robot_bringup:/home/yousif/example_ros2/install/my_robot_bringup:/home/yousif/example_ros2/install/my_robot_interfaces:/home/yousif/example_ros2/install/my_py_pkg:/home/yousif/ros2_ws_test/install/my_robot_controller:/opt/ros/humble /usr/bin/cmake --install /home/yousif/mobile_robot_ros2/build/mobile_robot_bringup
