[0.054s] Invoking command in '/home/yousif/mobile_robot_ros2/build/mobile_robot_description': CMAKE_PREFIX_PATH=${CMAKE_PREFIX_PATH}:/home/yousif/example_ros2/install/my_py_pkg:/home/yousif/ros2_ws_test/install/my_robot_controller:/opt/ros/humble /usr/bin/cmake --build /home/yousif/mobile_robot_ros2/build/mobile_robot_description -- -j8 -l8
[0.863s] Invoked command in '/home/yousif/mobile_robot_ros2/build/mobile_robot_description' returned '0': CMAKE_PREFIX_PATH=${CMAKE_PREFIX_PATH}:/home/yousif/example_ros2/install/my_py_pkg:/home/yousif/ros2_ws_test/install/my_robot_controller:/opt/ros/humble /usr/bin/cmake --build /home/yousif/mobile_robot_ros2/build/mobile_robot_description -- -j8 -l8
[0.904s] Invoking command in '/home/yousif/mobile_robot_ros2/build/mobile_robot_description': CMAKE_PREFIX_PATH=${CMAKE_PREFIX_PATH}:/home/yousif/example_ros2/install/my_py_pkg:/home/yousif/ros2_ws_test/install/my_robot_controller:/opt/ros/humble /usr/bin/cmake --install /home/yousif/mobile_robot_ros2/build/mobile_robot_description
[0.913s] -- Install configuration: ""
[0.931s] -- Execute custom install script
[0.934s] -- Up-to-date symlink: /home/yousif/mobile_robot_ros2/install/mobile_robot_description/share/mobile_robot_description//urdf/base.urdf.xacro
[0.935s] -- Up-to-date symlink: /home/yousif/mobile_robot_ros2/install/mobile_robot_description/share/mobile_robot_description//urdf/base_gazebo.xacro
[0.936s] -- Up-to-date symlink: /home/yousif/mobile_robot_ros2/install/mobile_robot_description/share/mobile_robot_description//urdf/common_properties.urdf.xacro
[0.936s] -- Up-to-date symlink: /home/yousif/mobile_robot_ros2/install/mobile_robot_description/share/mobile_robot_description//urdf/mobile_robot.urdf.xacro
[0.939s] -- Up-to-date symlink: /home/yousif/mobile_robot_ros2/install/mobile_robot_description/share/mobile_robot_description//launch/display.launch.py
[0.940s] -- Up-to-date symlink: /home/yousif/mobile_robot_ros2/install/mobile_robot_description/share/mobile_robot_description//launch/display.launch.xml
[0.942s] -- Up-to-date symlink: /home/yousif/mobile_robot_ros2/install/mobile_robot_description/share/mobile_robot_description//rviz/urdf.config.rviz
[0.943s] -- Up-to-date symlink: /home/yousif/mobile_robot_ros2/install/mobile_robot_description/share/ament_index/resource_index/package_run_dependencies/mobile_robot_description
[0.944s] -- Up-to-date symlink: /home/yousif/mobile_robot_ros2/install/mobile_robot_description/share/ament_index/resource_index/parent_prefix_path/mobile_robot_description
[0.945s] -- Up-to-date symlink: /home/yousif/mobile_robot_ros2/install/mobile_robot_description/share/mobile_robot_description/environment/ament_prefix_path.sh
[0.946s] -- Up-to-date symlink: /home/yousif/mobile_robot_ros2/install/mobile_robot_description/share/mobile_robot_description/environment/ament_prefix_path.dsv
[0.947s] -- Up-to-date symlink: /home/yousif/mobile_robot_ros2/install/mobile_robot_description/share/mobile_robot_description/environment/path.sh
[0.947s] -- Up-to-date symlink: /home/yousif/mobile_robot_ros2/install/mobile_robot_description/share/mobile_robot_description/environment/path.dsv
[0.948s] -- Up-to-date symlink: /home/yousif/mobile_robot_ros2/install/mobile_robot_description/share/mobile_robot_description/local_setup.bash
[0.948s] -- Up-to-date symlink: /home/yousif/mobile_robot_ros2/install/mobile_robot_description/share/mobile_robot_description/local_setup.sh
[0.949s] -- Up-to-date symlink: /home/yousif/mobile_robot_ros2/install/mobile_robot_description/share/mobile_robot_description/local_setup.zsh
[0.949s] -- Up-to-date symlink: /home/yousif/mobile_robot_ros2/install/mobile_robot_description/share/mobile_robot_description/local_setup.dsv
[0.950s] -- Symlinking: /home/yousif/mobile_robot_ros2/install/mobile_robot_description/share/mobile_robot_description/package.dsv
[0.967s] -- Up-to-date symlink: /home/yousif/mobile_robot_ros2/install/mobile_robot_description/share/ament_index/resource_index/packages/mobile_robot_description
[0.967s] -- Up-to-date symlink: /home/yousif/mobile_robot_ros2/install/mobile_robot_description/share/mobile_robot_description/cmake/mobile_robot_descriptionConfig.cmake
[0.968s] -- Up-to-date symlink: /home/yousif/mobile_robot_ros2/install/mobile_robot_description/share/mobile_robot_description/cmake/mobile_robot_descriptionConfig-version.cmake
[0.968s] -- Up-to-date symlink: /home/yousif/mobile_robot_ros2/install/mobile_robot_description/share/mobile_robot_description/package.xml
[0.971s] Invoked command in '/home/yousif/mobile_robot_ros2/build/mobile_robot_description' returned '0': CMAKE_PREFIX_PATH=${CMAKE_PREFIX_PATH}:/home/yousif/example_ros2/install/my_py_pkg:/home/yousif/ros2_ws_test/install/my_robot_controller:/opt/ros/humble /usr/bin/cmake --install /home/yousif/mobile_robot_ros2/build/mobile_robot_description
