[0.016s] Invoking command in '/home/yousif/mobile_robot_ros2/build/mobile_robot_bringup': CMAKE_PREFIX_PATH=${CMAKE_PREFIX_PATH}:/home/yousif/example_ros2/install/my_py_pkg:/home/yousif/ros2_ws_test/install/my_robot_controller:/opt/ros/humble /usr/bin/cmake /home/yousif/mobile_robot_ros2/src/mobile_robot_bringup -DCMAKE_INSTALL_PREFIX=/home/yousif/mobile_robot_ros2/install/mobile_robot_bringup
[0.731s] -- The C compiler identification is GNU 11.4.0
[1.146s] -- The CXX compiler identification is GNU 11.4.0
[1.156s] -- Detecting C compiler ABI info
[1.362s] -- Detecting C compiler ABI info - done
[1.372s] -- Check for working C compiler: /usr/bin/cc - skipped
[1.373s] -- Detecting C compile features
[1.380s] -- Detecting C compile features - done
[1.394s] -- Detecting CXX compiler ABI info
[1.567s] -- Detecting CXX compiler ABI info - done
[1.575s] -- Check for working CXX compiler: /usr/bin/c++ - skipped
[1.576s] -- Detecting CXX compile features
[1.576s] -- Detecting CXX compile features - done
[1.661s] -- Found ament_cmake: 1.3.10 (/opt/ros/humble/share/ament_cmake/cmake)
[1.900s] -- Found Python3: /usr/bin/python3 (found version "3.10.12") found components: Interpreter 
[2.102s] -- Configuring done
[2.105s] -- Generating done
[2.105s] -- Build files have been written to: /home/yousif/mobile_robot_ros2/build/mobile_robot_bringup
[2.110s] Invoked command in '/home/yousif/mobile_robot_ros2/build/mobile_robot_bringup' returned '0': CMAKE_PREFIX_PATH=${CMAKE_PREFIX_PATH}:/home/yousif/example_ros2/install/my_py_pkg:/home/yousif/ros2_ws_test/install/my_robot_controller:/opt/ros/humble /usr/bin/cmake /home/yousif/mobile_robot_ros2/src/mobile_robot_bringup -DCMAKE_INSTALL_PREFIX=/home/yousif/mobile_robot_ros2/install/mobile_robot_bringup
[2.112s] Invoking command in '/home/yousif/mobile_robot_ros2/build/mobile_robot_bringup': CMAKE_PREFIX_PATH=${CMAKE_PREFIX_PATH}:/home/yousif/example_ros2/install/my_py_pkg:/home/yousif/ros2_ws_test/install/my_robot_controller:/opt/ros/humble /usr/bin/cmake --build /home/yousif/mobile_robot_ros2/build/mobile_robot_bringup -- -j8 -l8
[2.159s] Invoked command in '/home/yousif/mobile_robot_ros2/build/mobile_robot_bringup' returned '0': CMAKE_PREFIX_PATH=${CMAKE_PREFIX_PATH}:/home/yousif/example_ros2/install/my_py_pkg:/home/yousif/ros2_ws_test/install/my_robot_controller:/opt/ros/humble /usr/bin/cmake --build /home/yousif/mobile_robot_ros2/build/mobile_robot_bringup -- -j8 -l8
[2.188s] Invoking command in '/home/yousif/mobile_robot_ros2/build/mobile_robot_bringup': CMAKE_PREFIX_PATH=${CMAKE_PREFIX_PATH}:/home/yousif/example_ros2/install/my_py_pkg:/home/yousif/ros2_ws_test/install/my_robot_controller:/opt/ros/humble /usr/bin/cmake --install /home/yousif/mobile_robot_ros2/build/mobile_robot_bringup
[2.197s] -- Install configuration: ""
[2.197s] -- Installing: /home/yousif/mobile_robot_ros2/install/mobile_robot_bringup/share/mobile_robot_bringup//launch
[2.197s] -- Installing: /home/yousif/mobile_robot_ros2/install/mobile_robot_bringup/share/mobile_robot_bringup//launch/mobile_robot_gazebo.launch.xml
[2.197s] -- Installing: /home/yousif/mobile_robot_ros2/install/mobile_robot_bringup/share/ament_index/resource_index/package_run_dependencies/mobile_robot_bringup
[2.197s] -- Installing: /home/yousif/mobile_robot_ros2/install/mobile_robot_bringup/share/ament_index/resource_index/parent_prefix_path/mobile_robot_bringup
[2.198s] -- Installing: /home/yousif/mobile_robot_ros2/install/mobile_robot_bringup/share/mobile_robot_bringup/environment/ament_prefix_path.sh
[2.198s] -- Installing: /home/yousif/mobile_robot_ros2/install/mobile_robot_bringup/share/mobile_robot_bringup/environment/ament_prefix_path.dsv
[2.198s] -- Installing: /home/yousif/mobile_robot_ros2/install/mobile_robot_bringup/share/mobile_robot_bringup/environment/path.sh
[2.198s] -- Installing: /home/yousif/mobile_robot_ros2/install/mobile_robot_bringup/share/mobile_robot_bringup/environment/path.dsv
[2.198s] -- Installing: /home/yousif/mobile_robot_ros2/install/mobile_robot_bringup/share/mobile_robot_bringup/local_setup.bash
[2.198s] -- Installing: /home/yousif/mobile_robot_ros2/install/mobile_robot_bringup/share/mobile_robot_bringup/local_setup.sh
[2.199s] -- Installing: /home/yousif/mobile_robot_ros2/install/mobile_robot_bringup/share/mobile_robot_bringup/local_setup.zsh
[2.199s] -- Installing: /home/yousif/mobile_robot_ros2/install/mobile_robot_bringup/share/mobile_robot_bringup/local_setup.dsv
[2.199s] -- Installing: /home/yousif/mobile_robot_ros2/install/mobile_robot_bringup/share/mobile_robot_bringup/package.dsv
[2.199s] -- Installing: /home/yousif/mobile_robot_ros2/install/mobile_robot_bringup/share/ament_index/resource_index/packages/mobile_robot_bringup
[2.199s] -- Installing: /home/yousif/mobile_robot_ros2/install/mobile_robot_bringup/share/mobile_robot_bringup/cmake/mobile_robot_bringupConfig.cmake
[2.200s] -- Installing: /home/yousif/mobile_robot_ros2/install/mobile_robot_bringup/share/mobile_robot_bringup/cmake/mobile_robot_bringupConfig-version.cmake
[2.200s] -- Installing: /home/yousif/mobile_robot_ros2/install/mobile_robot_bringup/share/mobile_robot_bringup/package.xml
[2.202s] Invoked command in '/home/yousif/mobile_robot_ros2/build/mobile_robot_bringup' returned '0': CMAKE_PREFIX_PATH=${CMAKE_PREFIX_PATH}:/home/yousif/example_ros2/install/my_py_pkg:/home/yousif/ros2_ws_test/install/my_robot_controller:/opt/ros/humble /usr/bin/cmake --install /home/yousif/mobile_robot_ros2/build/mobile_robot_bringup
